{"C:\\Users\\zabrn\\Documents\\GitHub\\meteor\\tools\\tests\\package-tests.js":{"path":"C:\\Users\\zabrn\\Documents\\GitHub\\meteor\\tools\\tests\\package-tests.js","s":{"1":1,"2":0,"3":0,"4":0,"5":0,"6":0,"7":0,"8":0,"9":0,"10":0,"11":0,"12":0,"13":0,"14":0,"15":0,"16":0,"17":0,"18":0,"19":0,"20":0,"21":0,"22":0,"23":0,"24":0,"25":0,"26":0,"27":0,"28":0,"29":0,"30":0,"31":0,"32":0,"33":0,"34":0,"35":0,"36":0,"37":0,"38":0,"39":0,"40":0,"41":0,"42":0,"43":0,"44":0,"45":0,"46":0,"47":0,"48":0,"49":0,"50":0,"51":0,"52":0,"53":0,"54":0,"55":0,"56":0,"57":0,"58":0,"59":0,"60":0,"61":0,"62":0,"63":0,"64":0,"65":0,"66":0,"67":0,"68":0,"69":0,"70":0,"71":0,"72":0,"73":0,"74":0,"75":0,"76":0,"77":0,"78":0,"79":0,"80":0,"81":0,"82":0,"83":0,"84":0,"85":0,"86":0,"87":0,"88":0,"89":0,"90":0,"91":0,"92":0,"93":0,"94":0,"95":0,"96":0,"97":0,"98":0,"99":0,"100":0,"101":0,"102":0,"103":0,"104":0,"105":0,"106":0,"107":0,"108":0,"109":0,"110":0,"111":0,"112":0,"113":0,"114":0,"115":0,"116":0,"117":0,"118":0,"119":0,"120":0,"121":0,"122":0,"123":0,"124":0,"125":0,"126":0,"127":0,"128":0,"129":0,"130":0,"131":0,"132":0,"133":0,"134":0,"135":0,"136":0,"137":0,"138":0,"139":0,"140":0,"141":0,"142":0,"143":0,"144":0,"145":0,"146":0,"147":0,"148":0,"149":0,"150":0,"151":0,"152":0,"153":0,"154":0,"155":0,"156":0,"157":0,"158":0,"159":0,"160":0,"161":0,"162":0,"163":0,"164":0,"165":0,"166":0,"167":0,"168":0,"169":0,"170":0,"171":0,"172":0,"173":0,"174":0,"175":0,"176":0,"177":0,"178":0,"179":0,"180":0,"181":0,"182":0,"183":0,"184":0,"185":0,"186":0,"187":0,"188":0,"189":0,"190":0,"191":0,"192":0,"193":0,"194":0,"195":0,"196":0,"197":0,"198":0,"199":0,"200":0,"201":0,"202":0,"203":0,"204":0,"205":0,"206":0,"207":0,"208":0,"209":0,"210":0,"211":0,"212":0,"213":0,"214":0,"215":0,"216":0,"217":0,"218":0,"219":0,"220":0,"221":0,"222":0,"223":0,"224":0,"225":0,"226":0,"227":0,"228":0,"229":0,"230":0,"231":0,"232":0,"233":0,"234":0,"235":0,"236":0,"237":0,"238":0,"239":0,"240":0,"241":0,"242":0,"243":0,"244":0,"245":0,"246":0,"247":0,"248":0,"249":0,"250":0,"251":0,"252":0,"253":0,"254":0,"255":0,"256":0,"257":0,"258":0,"259":0,"260":0,"261":0,"262":0,"263":0,"264":0,"265":0,"266":0,"267":0,"268":0,"269":0,"270":0,"271":0,"272":0,"273":0,"274":0,"275":0,"276":0,"277":0,"278":0,"279":0,"280":0,"281":0,"282":0,"283":0,"284":0,"285":0,"286":0,"287":0,"288":0,"289":0,"290":0,"291":0,"292":0,"293":0,"294":0,"295":0,"296":0,"297":0,"298":0,"299":0,"300":0,"301":0,"302":0,"303":0,"304":0,"305":0,"306":0,"307":0,"308":0,"309":0,"310":0,"311":0,"312":0,"313":0,"314":0,"315":0,"316":0,"317":0,"318":0,"319":0,"320":0,"321":0,"322":0,"323":0,"324":0,"325":0,"326":0,"327":0,"328":0,"329":0,"330":0,"331":0,"332":0,"333":0,"334":0,"335":0,"336":0,"337":0,"338":0,"339":0,"340":0,"341":0,"342":0,"343":0,"344":0,"345":0,"346":0,"347":0,"348":0,"349":0,"350":0,"351":0,"352":0,"353":0,"354":0,"355":0,"356":0,"357":0,"358":0,"359":0,"360":0,"361":0,"362":0,"363":0,"364":0,"365":0,"366":0,"367":0,"368":0,"369":0,"370":0,"371":0,"372":0,"373":0,"374":0,"375":0,"376":0,"377":0,"378":0,"379":0,"380":0,"381":0,"382":0,"383":0,"384":0,"385":0,"386":0,"387":0,"388":0,"389":0,"390":0,"391":0,"392":0,"393":0,"394":0,"395":0,"396":0,"397":0,"398":0,"399":0,"400":0,"401":0,"402":0,"403":0,"404":0,"405":0,"406":0,"407":0,"408":0,"409":0,"410":0,"411":0,"412":0,"413":0,"414":0,"415":0,"416":0,"417":0,"418":0,"419":0,"420":0,"421":0,"422":0,"423":0,"424":0,"425":0,"426":0,"427":0,"428":0,"429":0,"430":0,"431":0,"432":0,"433":0,"434":0,"435":0,"436":0,"437":0,"438":0,"439":0,"440":0,"441":0,"442":0,"443":0,"444":0,"445":0,"446":0,"447":0,"448":0,"449":0,"450":0,"451":0,"452":0,"453":0,"454":0,"455":0,"456":0,"457":0,"458":0,"459":0,"460":0,"461":0,"462":0,"463":0,"464":0,"465":0,"466":0,"467":0,"468":0,"469":0,"470":0,"471":0,"472":0,"473":0,"474":0,"475":0,"476":0,"477":0,"478":0,"479":0,"480":0,"481":0,"482":0,"483":0,"484":0,"485":0,"486":0,"487":0,"488":0,"489":0,"490":0,"491":0,"492":0,"493":0,"494":0,"495":0,"496":0,"497":0,"498":0,"499":0,"500":0,"501":0,"502":0,"503":0,"504":0,"505":0,"506":0,"507":0,"508":0,"509":0,"510":0,"511":0,"512":0,"513":0,"514":0,"515":0,"516":0,"517":0,"518":0,"519":0,"520":0,"521":0,"522":0,"523":0,"524":0,"525":0,"526":0,"527":0,"528":0,"529":0,"530":0,"531":0,"532":0,"533":0,"534":0,"535":0,"536":0,"537":0,"538":0,"539":0,"540":0,"541":0,"542":0,"543":0,"544":0,"545":0,"546":0,"547":0,"548":0,"549":0,"550":0,"551":0,"552":0,"553":0,"554":0,"555":0,"556":0,"557":0,"558":0,"559":0,"560":0,"561":0,"562":0,"563":0,"564":0,"565":0,"566":0,"567":0,"568":0,"569":0,"570":0,"571":0,"572":0,"573":0,"574":0,"575":0,"576":0,"577":0,"578":0,"579":0,"580":0,"581":0,"582":0,"583":0,"584":0,"585":0,"586":0,"587":0,"588":0,"589":0,"590":0,"591":0,"592":0,"593":0,"594":0,"595":0,"596":0,"597":0,"598":0,"599":0,"600":0,"601":0,"602":0,"603":0,"604":0,"605":0,"606":0,"607":0,"608":0,"609":0,"610":0,"611":0,"612":0,"613":0,"614":0,"615":0,"616":0,"617":0,"618":0,"619":0,"620":0,"621":0,"622":0,"623":0,"624":0,"625":0,"626":0,"627":0,"628":0,"629":0,"630":0,"631":0,"632":0,"633":0,"634":0,"635":0,"636":0,"637":0,"638":0,"639":0,"640":0,"641":0,"642":0,"643":0,"644":0,"645":0,"646":0,"647":0,"648":0,"649":0,"650":0,"651":0,"652":0,"653":0,"654":0,"655":0,"656":0,"657":0,"658":0,"659":0,"660":0,"661":0,"662":0,"663":0,"664":0,"665":0,"666":0,"667":0,"668":0,"669":0,"670":0,"671":0,"672":0,"673":0,"674":0,"675":0,"676":0,"677":0,"678":0,"679":0,"680":0,"681":0,"682":0,"683":0,"684":0,"685":0,"686":0,"687":0,"688":0,"689":0,"690":0,"691":0,"692":0,"693":0,"694":0,"695":0,"696":0,"697":0,"698":0,"699":0,"700":0,"701":0,"702":0,"703":0,"704":0,"705":0,"706":0,"707":0,"708":0,"709":0,"710":0,"711":0,"712":0,"713":0,"714":0,"715":0,"716":0,"717":0,"718":0,"719":0,"720":0,"721":0,"722":0,"723":0,"724":0,"725":0,"726":0,"727":0,"728":0,"729":0,"730":0,"731":0,"732":0,"733":0,"734":0,"735":0,"736":0,"737":0,"738":0,"739":0,"740":0,"741":0,"742":0,"743":0,"744":0,"745":0,"746":0,"747":0,"748":0,"749":0,"750":0,"751":0,"752":0,"753":0,"754":0,"755":0,"756":0,"757":0,"758":0,"759":0,"760":0,"761":0,"762":0,"763":0,"764":0,"765":0,"766":0,"767":0,"768":0,"769":0,"770":0,"771":0,"772":0,"773":0,"774":0,"775":0,"776":0,"777":0,"778":0,"779":0,"780":0,"781":0,"782":0,"783":0,"784":0,"785":0,"786":0,"787":0,"788":0,"789":0,"790":0,"791":0,"792":0,"793":0,"794":0,"795":0,"796":0,"797":0,"798":0,"799":0,"800":0,"801":0,"802":0,"803":0,"804":0,"805":0,"806":0,"807":0,"808":0,"809":0,"810":0,"811":0,"812":0,"813":0,"814":0,"815":0,"816":0,"817":0,"818":0,"819":0,"820":0,"821":0,"822":0,"823":0,"824":0,"825":0,"826":0,"827":0,"828":0,"829":0,"830":0,"831":0,"832":0,"833":0,"834":0,"835":0,"836":0,"837":0,"838":0,"839":0,"840":0,"841":0,"842":0,"843":0,"844":0,"845":0,"846":0,"847":0,"848":0,"849":0,"850":0,"851":0,"852":0,"853":0,"854":0,"855":0,"856":0,"857":0,"858":0,"859":0,"860":0,"861":0,"862":0,"863":0,"864":0,"865":0,"866":0,"867":0,"868":0,"869":0,"870":0,"871":0,"872":0,"873":0,"874":0,"875":0,"876":0,"877":0,"878":0,"879":0,"880":0,"881":0,"882":0,"883":0,"884":0,"885":0,"886":0,"887":0,"888":0,"889":0,"890":0,"891":0,"892":0,"893":0,"894":0,"895":0,"896":0,"897":0,"898":0,"899":0,"900":0,"901":0,"902":0,"903":0,"904":0,"905":0,"906":0,"907":0,"908":0,"909":0,"910":0,"911":0,"912":0,"913":0,"914":0,"915":0,"916":0,"917":0,"918":0,"919":0,"920":0,"921":0,"922":0,"923":0,"924":0,"925":0,"926":0,"927":0,"928":0,"929":0,"930":0,"931":0,"932":0,"933":0,"934":0,"935":0,"936":0,"937":0,"938":0,"939":0,"940":0,"941":0,"942":0,"943":0,"944":0,"945":0,"946":0,"947":0,"948":0,"949":0,"950":0,"951":0,"952":0,"953":0,"954":0,"955":0,"956":0,"957":0,"958":0,"959":0,"960":0,"961":0,"962":0,"963":0,"964":0,"965":0,"966":0,"967":0,"968":0,"969":0,"970":0,"971":0,"972":0,"973":0,"974":0,"975":0,"976":0,"977":0,"978":0,"979":0,"980":0,"981":0,"982":0,"983":0,"984":0,"985":0,"986":0,"987":0,"988":0,"989":0,"990":0,"991":0,"992":0,"993":0,"994":0,"995":0,"996":0,"997":0,"998":0,"999":0,"1000":0,"1001":0,"1002":0,"1003":0,"1004":0,"1005":0,"1006":0,"1007":0,"1008":0,"1009":0,"1010":0,"1011":0,"1012":0,"1013":0,"1014":0,"1015":0,"1016":0,"1017":0,"1018":0,"1019":0,"1020":0,"1021":0,"1022":0,"1023":0,"1024":0,"1025":0,"1026":0,"1027":0,"1028":0,"1029":0,"1030":0,"1031":0,"1032":0,"1033":0,"1034":0,"1035":0,"1036":0,"1037":0,"1038":0,"1039":0,"1040":0,"1041":0,"1042":0,"1043":0,"1044":0,"1045":0,"1046":0,"1047":0,"1048":0,"1049":0,"1050":0,"1051":0,"1052":0,"1053":0,"1054":0,"1055":0,"1056":0,"1057":0,"1058":0,"1059":0,"1060":0,"1061":0,"1062":0,"1063":0,"1064":0,"1065":0,"1066":0,"1067":0,"1068":0,"1069":0,"1070":0,"1071":0,"1072":0,"1073":0,"1074":0,"1075":0,"1076":0,"1077":0,"1078":0,"1079":0,"1080":0,"1081":0,"1082":0,"1083":0,"1084":0,"1085":0,"1086":0,"1087":0,"1088":0,"1089":0,"1090":0,"1091":0,"1092":0,"1093":0,"1094":0,"1095":0,"1096":0,"1097":0,"1098":0,"1099":0,"1100":0,"1101":0,"1102":0,"1103":0,"1104":0,"1105":0,"1106":0,"1107":0,"1108":0,"1109":0,"1110":0,"1111":0,"1112":0,"1113":0,"1114":0,"1115":0,"1116":0,"1117":0,"1118":0,"1119":0,"1120":0,"1121":0,"1122":0,"1123":0,"1124":0,"1125":0,"1126":0,"1127":0,"1128":0,"1129":0,"1130":0,"1131":0,"1132":0,"1133":0,"1134":0,"1135":0,"1136":0,"1137":0,"1138":0,"1139":0,"1140":0,"1141":0,"1142":0,"1143":0,"1144":0,"1145":0,"1146":0,"1147":0,"1148":0,"1149":0,"1150":0,"1151":0,"1152":0,"1153":0,"1154":0,"1155":0,"1156":0,"1157":0,"1158":0,"1159":0,"1160":0,"1161":0,"1162":0,"1163":0,"1164":0,"1165":0,"1166":0,"1167":0,"1168":0,"1169":0,"1170":0,"1171":0,"1172":0,"1173":0,"1174":0,"1175":0,"1176":0,"1177":0,"1178":0,"1179":0,"1180":0,"1181":0,"1182":0,"1183":0,"1184":0,"1185":0,"1186":0,"1187":0,"1188":0,"1189":0,"1190":0,"1191":0,"1192":0,"1193":0,"1194":0,"1195":0,"1196":0,"1197":0,"1198":0,"1199":0,"1200":0,"1201":0,"1202":0,"1203":0,"1204":0,"1205":0,"1206":0,"1207":0,"1208":0,"1209":0,"1210":0,"1211":0,"1212":0,"1213":0,"1214":0,"1215":0,"1216":0,"1217":0,"1218":0,"1219":0,"1220":0,"1221":0,"1222":0,"1223":0,"1224":0,"1225":0,"1226":0,"1227":0,"1228":0},"b":{"1":[0,0],"2":[0,0],"3":[0,0],"4":[0,0],"5":[0,0],"6":[0,0],"7":[0,0],"8":[0,0],"9":[0,0],"10":[0,0],"11":[0,0],"12":[0,0],"13":[0,0],"14":[0,0],"15":[0,0],"16":[0,0],"17":[0,0],"18":[0,0],"19":[0,0],"20":[0,0],"21":[0,0],"22":[0,0],"23":[0,0],"24":[0,0],"25":[0,0],"26":[0,0],"27":[0,0],"28":[0,0],"29":[0,0],"30":[0,0],"31":[0,0],"32":[0,0],"33":[0,0],"34":[0,0],"35":[0,0],"36":[0,0],"37":[0,0],"38":[0,0],"39":[0,0],"40":[0,0],"41":[0,0],"42":[0,0],"43":[0,0],"44":[0,0],"45":[0,0],"46":[0,0],"47":[0,0],"48":[0,0],"49":[0,0],"50":[0,0],"51":[0,0]},"f":{"1":0,"2":0,"3":0,"4":0,"5":0,"6":0,"7":0,"8":0,"9":0,"10":0,"11":0,"12":0,"13":0,"14":0,"15":0,"16":0,"17":0,"18":0,"19":0,"20":0,"21":0,"22":0,"23":0,"24":0,"25":0,"26":0,"27":0,"28":0,"29":0,"30":0,"31":0,"32":0,"33":0,"34":0,"35":0,"36":0,"37":0,"38":0,"39":0,"40":0,"41":0,"42":0,"43":0,"44":0,"45":0,"46":0,"47":0,"48":0,"49":0,"50":0,"51":0,"52":0,"53":0,"54":0,"55":0,"56":0,"57":0,"58":0,"59":0,"60":0,"61":0,"62":0,"63":0,"64":0,"65":0,"66":0,"67":0,"68":0,"69":0,"70":0,"71":0,"72":0,"73":0,"74":0,"75":0,"76":0,"77":0,"78":0,"79":0,"80":0,"81":0,"82":0,"83":0,"84":0,"85":0,"86":0,"87":0,"88":0,"89":0,"90":0,"91":0,"92":0,"93":0,"94":0,"95":0,"96":0,"97":0,"98":0,"99":0,"100":0,"101":0,"102":0,"103":0,"104":0,"105":0,"106":0,"107":0,"108":0,"109":0,"110":0,"111":0,"112":0,"113":0,"114":0,"115":0,"116":0},"fnMap":{"1":{"name":"(anonymous_1)","line":17,"loc":{"start":{"line":17,"column":28},"end":{"line":17,"column":55}}},"2":{"name":"(anonymous_2)","line":25,"loc":{"start":{"line":25,"column":28},"end":{"line":25,"column":48}}},"3":{"name":"(anonymous_3)","line":44,"loc":{"start":{"line":44,"column":39},"end":{"line":44,"column":64}}},"4":{"name":"(anonymous_4)","line":47,"loc":{"start":{"line":47,"column":16},"end":{"line":47,"column":31}}},"5":{"name":"(anonymous_5)","line":79,"loc":{"start":{"line":79,"column":39},"end":{"line":79,"column":64}}},"6":{"name":"(anonymous_6)","line":82,"loc":{"start":{"line":82,"column":16},"end":{"line":82,"column":31}}},"7":{"name":"(anonymous_7)","line":91,"loc":{"start":{"line":91,"column":19},"end":{"line":91,"column":35}}},"8":{"name":"(anonymous_8)","line":115,"loc":{"start":{"line":115,"column":15},"end":{"line":115,"column":40}}},"9":{"name":"(anonymous_9)","line":119,"loc":{"start":{"line":119,"column":23},"end":{"line":119,"column":36}}},"10":{"name":"(anonymous_10)","line":126,"loc":{"start":{"line":126,"column":24},"end":{"line":126,"column":37}}},"11":{"name":"(anonymous_11)","line":130,"loc":{"start":{"line":130,"column":21},"end":{"line":130,"column":34}}},"12":{"name":"(anonymous_12)","line":138,"loc":{"start":{"line":138,"column":22},"end":{"line":138,"column":34}}},"13":{"name":"(anonymous_13)","line":141,"loc":{"start":{"line":141,"column":21},"end":{"line":141,"column":34}}},"14":{"name":"(anonymous_14)","line":147,"loc":{"start":{"line":147,"column":14},"end":{"line":147,"column":27}}},"15":{"name":"(anonymous_15)","line":153,"loc":{"start":{"line":153,"column":23},"end":{"line":153,"column":35}}},"16":{"name":"(anonymous_16)","line":156,"loc":{"start":{"line":156,"column":39},"end":{"line":156,"column":52}}},"17":{"name":"(anonymous_17)","line":162,"loc":{"start":{"line":162,"column":21},"end":{"line":162,"column":37}}},"18":{"name":"(anonymous_18)","line":172,"loc":{"start":{"line":172,"column":60},"end":{"line":172,"column":72}}},"19":{"name":"(anonymous_19)","line":195,"loc":{"start":{"line":195,"column":33},"end":{"line":195,"column":45}}},"20":{"name":"(anonymous_20)","line":207,"loc":{"start":{"line":207,"column":42},"end":{"line":207,"column":54}}},"21":{"name":"(anonymous_21)","line":236,"loc":{"start":{"line":236,"column":35},"end":{"line":236,"column":47}}},"22":{"name":"(anonymous_22)","line":249,"loc":{"start":{"line":249,"column":35},"end":{"line":249,"column":47}}},"23":{"name":"(anonymous_23)","line":267,"loc":{"start":{"line":267,"column":43},"end":{"line":267,"column":55}}},"24":{"name":"(anonymous_24)","line":356,"loc":{"start":{"line":356,"column":59},"end":{"line":356,"column":71}}},"25":{"name":"(anonymous_25)","line":401,"loc":{"start":{"line":401,"column":68},"end":{"line":401,"column":80}}},"26":{"name":"(anonymous_26)","line":416,"loc":{"start":{"line":416,"column":45},"end":{"line":416,"column":64}}},"27":{"name":"(anonymous_27)","line":417,"loc":{"start":{"line":417,"column":24},"end":{"line":417,"column":58}}},"28":{"name":"(anonymous_28)","line":433,"loc":{"start":{"line":433,"column":25},"end":{"line":433,"column":40}}},"29":{"name":"(anonymous_29)","line":456,"loc":{"start":{"line":456,"column":49},"end":{"line":456,"column":75}}},"30":{"name":"(anonymous_30)","line":459,"loc":{"start":{"line":459,"column":23},"end":{"line":459,"column":34}}},"31":{"name":"(anonymous_31)","line":468,"loc":{"start":{"line":468,"column":60},"end":{"line":468,"column":72}}},"32":{"name":"(anonymous_32)","line":482,"loc":{"start":{"line":482,"column":23},"end":{"line":482,"column":34}}},"33":{"name":"(anonymous_33)","line":493,"loc":{"start":{"line":493,"column":23},"end":{"line":493,"column":34}}},"34":{"name":"(anonymous_34)","line":511,"loc":{"start":{"line":511,"column":16},"end":{"line":511,"column":28}}},"35":{"name":"(anonymous_35)","line":545,"loc":{"start":{"line":545,"column":13},"end":{"line":545,"column":26}}},"36":{"name":"(anonymous_36)","line":557,"loc":{"start":{"line":557,"column":19},"end":{"line":557,"column":32}}},"37":{"name":"(anonymous_37)","line":567,"loc":{"start":{"line":567,"column":24},"end":{"line":567,"column":37}}},"38":{"name":"(anonymous_38)","line":569,"loc":{"start":{"line":569,"column":11},"end":{"line":569,"column":24}}},"39":{"name":"(anonymous_39)","line":577,"loc":{"start":{"line":577,"column":26},"end":{"line":577,"column":42}}},"40":{"name":"(anonymous_40)","line":587,"loc":{"start":{"line":587,"column":41},"end":{"line":587,"column":53}}},"41":{"name":"(anonymous_41)","line":611,"loc":{"start":{"line":611,"column":19},"end":{"line":611,"column":31}}},"42":{"name":"(anonymous_42)","line":635,"loc":{"start":{"line":635,"column":56},"end":{"line":635,"column":68}}},"43":{"name":"(anonymous_43)","line":685,"loc":{"start":{"line":685,"column":30},"end":{"line":685,"column":71}}},"44":{"name":"(anonymous_44)","line":710,"loc":{"start":{"line":710,"column":44},"end":{"line":710,"column":56}}},"45":{"name":"(anonymous_45)","line":771,"loc":{"start":{"line":771,"column":55},"end":{"line":771,"column":67}}},"46":{"name":"(anonymous_46)","line":786,"loc":{"start":{"line":786,"column":65},"end":{"line":786,"column":77}}},"47":{"name":"(anonymous_47)","line":805,"loc":{"start":{"line":805,"column":51},"end":{"line":805,"column":63}}},"48":{"name":"(anonymous_48)","line":823,"loc":{"start":{"line":823,"column":46},"end":{"line":823,"column":58}}},"49":{"name":"(anonymous_49)","line":901,"loc":{"start":{"line":901,"column":42},"end":{"line":901,"column":81}}},"50":{"name":"(anonymous_50)","line":938,"loc":{"start":{"line":938,"column":29},"end":{"line":938,"column":48}}},"51":{"name":"(anonymous_51)","line":975,"loc":{"start":{"line":975,"column":49},"end":{"line":975,"column":71}}},"52":{"name":"(anonymous_52)","line":1003,"loc":{"start":{"line":1003,"column":33},"end":{"line":1003,"column":48}}},"53":{"name":"(anonymous_53)","line":1031,"loc":{"start":{"line":1031,"column":51},"end":{"line":1031,"column":63}}},"54":{"name":"(anonymous_54)","line":1040,"loc":{"start":{"line":1040,"column":13},"end":{"line":1040,"column":25}}},"55":{"name":"(anonymous_55)","line":1068,"loc":{"start":{"line":1068,"column":20},"end":{"line":1068,"column":32}}},"56":{"name":"(anonymous_56)","line":1075,"loc":{"start":{"line":1075,"column":50},"end":{"line":1075,"column":62}}},"57":{"name":"(anonymous_57)","line":1083,"loc":{"start":{"line":1083,"column":19},"end":{"line":1083,"column":31}}},"58":{"name":"(anonymous_58)","line":1088,"loc":{"start":{"line":1088,"column":19},"end":{"line":1088,"column":31}}},"59":{"name":"(anonymous_59)","line":1127,"loc":{"start":{"line":1127,"column":13},"end":{"line":1127,"column":25}}},"60":{"name":"(anonymous_60)","line":1163,"loc":{"start":{"line":1163,"column":43},"end":{"line":1163,"column":73}}},"61":{"name":"(anonymous_61)","line":1167,"loc":{"start":{"line":1167,"column":13},"end":{"line":1167,"column":25}}},"62":{"name":"(anonymous_62)","line":1170,"loc":{"start":{"line":1170,"column":24},"end":{"line":1170,"column":37}}},"63":{"name":"(anonymous_63)","line":1179,"loc":{"start":{"line":1179,"column":34},"end":{"line":1179,"column":47}}},"64":{"name":"(anonymous_64)","line":1198,"loc":{"start":{"line":1198,"column":32},"end":{"line":1198,"column":45}}},"65":{"name":"(anonymous_65)","line":1217,"loc":{"start":{"line":1217,"column":42},"end":{"line":1217,"column":54}}},"66":{"name":"(anonymous_66)","line":1241,"loc":{"start":{"line":1241,"column":23},"end":{"line":1241,"column":34}}},"67":{"name":"(anonymous_67)","line":1309,"loc":{"start":{"line":1309,"column":42},"end":{"line":1309,"column":54}}},"68":{"name":"(anonymous_68)","line":1326,"loc":{"start":{"line":1326,"column":23},"end":{"line":1326,"column":35}}},"69":{"name":"(anonymous_69)","line":1352,"loc":{"start":{"line":1352,"column":23},"end":{"line":1352,"column":35}}},"70":{"name":"(anonymous_70)","line":1378,"loc":{"start":{"line":1378,"column":23},"end":{"line":1378,"column":35}}},"71":{"name":"(anonymous_71)","line":1418,"loc":{"start":{"line":1418,"column":23},"end":{"line":1418,"column":35}}},"72":{"name":"(anonymous_72)","line":1466,"loc":{"start":{"line":1466,"column":43},"end":{"line":1466,"column":73}}},"73":{"name":"(anonymous_73)","line":1472,"loc":{"start":{"line":1472,"column":23},"end":{"line":1472,"column":35}}},"74":{"name":"(anonymous_74)","line":1477,"loc":{"start":{"line":1477,"column":24},"end":{"line":1477,"column":37}}},"75":{"name":"(anonymous_75)","line":1488,"loc":{"start":{"line":1488,"column":34},"end":{"line":1488,"column":47}}},"76":{"name":"(anonymous_76)","line":1497,"loc":{"start":{"line":1497,"column":32},"end":{"line":1497,"column":45}}},"77":{"name":"(anonymous_77)","line":1548,"loc":{"start":{"line":1548,"column":16},"end":{"line":1548,"column":28}}},"78":{"name":"(anonymous_78)","line":1568,"loc":{"start":{"line":1568,"column":23},"end":{"line":1568,"column":35}}},"79":{"name":"(anonymous_79)","line":1634,"loc":{"start":{"line":1634,"column":42},"end":{"line":1634,"column":54}}},"80":{"name":"(anonymous_80)","line":1642,"loc":{"start":{"line":1642,"column":23},"end":{"line":1642,"column":35}}},"81":{"name":"(anonymous_81)","line":1663,"loc":{"start":{"line":1663,"column":40},"end":{"line":1663,"column":77}}},"82":{"name":"(anonymous_82)","line":1687,"loc":{"start":{"line":1687,"column":41},"end":{"line":1687,"column":63}}},"83":{"name":"(anonymous_83)","line":1698,"loc":{"start":{"line":1698,"column":29},"end":{"line":1698,"column":42}}},"84":{"name":"(anonymous_84)","line":1728,"loc":{"start":{"line":1728,"column":45},"end":{"line":1728,"column":67}}},"85":{"name":"(anonymous_85)","line":1739,"loc":{"start":{"line":1739,"column":34},"end":{"line":1739,"column":47}}},"86":{"name":"(anonymous_86)","line":1751,"loc":{"start":{"line":1751,"column":41},"end":{"line":1751,"column":54}}},"87":{"name":"(anonymous_87)","line":1775,"loc":{"start":{"line":1775,"column":48},"end":{"line":1775,"column":70}}},"88":{"name":"(anonymous_88)","line":1786,"loc":{"start":{"line":1786,"column":29},"end":{"line":1786,"column":44}}},"89":{"name":"(anonymous_89)","line":1798,"loc":{"start":{"line":1798,"column":42},"end":{"line":1798,"column":54}}},"90":{"name":"(anonymous_90)","line":1958,"loc":{"start":{"line":1958,"column":42},"end":{"line":1958,"column":54}}},"91":{"name":"(anonymous_91)","line":2033,"loc":{"start":{"line":2033,"column":42},"end":{"line":2033,"column":54}}},"92":{"name":"(anonymous_92)","line":2045,"loc":{"start":{"line":2045,"column":29},"end":{"line":2045,"column":48}}},"93":{"name":"(anonymous_93)","line":2057,"loc":{"start":{"line":2057,"column":23},"end":{"line":2057,"column":35}}},"94":{"name":"(anonymous_94)","line":2154,"loc":{"start":{"line":2154,"column":40},"end":{"line":2154,"column":52}}},"95":{"name":"(anonymous_95)","line":2296,"loc":{"start":{"line":2296,"column":42},"end":{"line":2296,"column":54}}},"96":{"name":"(anonymous_96)","line":2314,"loc":{"start":{"line":2314,"column":16},"end":{"line":2314,"column":32}}},"97":{"name":"(anonymous_97)","line":2326,"loc":{"start":{"line":2326,"column":23},"end":{"line":2326,"column":35}}},"98":{"name":"(anonymous_98)","line":2348,"loc":{"start":{"line":2348,"column":23},"end":{"line":2348,"column":35}}},"99":{"name":"(anonymous_99)","line":2379,"loc":{"start":{"line":2379,"column":23},"end":{"line":2379,"column":35}}},"100":{"name":"(anonymous_100)","line":2405,"loc":{"start":{"line":2405,"column":23},"end":{"line":2405,"column":35}}},"101":{"name":"(anonymous_101)","line":2431,"loc":{"start":{"line":2431,"column":23},"end":{"line":2431,"column":35}}},"102":{"name":"(anonymous_102)","line":2465,"loc":{"start":{"line":2465,"column":42},"end":{"line":2465,"column":54}}},"103":{"name":"(anonymous_103)","line":2493,"loc":{"start":{"line":2493,"column":15},"end":{"line":2493,"column":27}}},"104":{"name":"(anonymous_104)","line":2501,"loc":{"start":{"line":2501,"column":23},"end":{"line":2501,"column":35}}},"105":{"name":"(anonymous_105)","line":2517,"loc":{"start":{"line":2517,"column":23},"end":{"line":2517,"column":35}}},"106":{"name":"(anonymous_106)","line":2541,"loc":{"start":{"line":2541,"column":23},"end":{"line":2541,"column":35}}},"107":{"name":"(anonymous_107)","line":2565,"loc":{"start":{"line":2565,"column":23},"end":{"line":2565,"column":35}}},"108":{"name":"(anonymous_108)","line":2588,"loc":{"start":{"line":2588,"column":23},"end":{"line":2588,"column":35}}},"109":{"name":"(anonymous_109)","line":2605,"loc":{"start":{"line":2605,"column":23},"end":{"line":2605,"column":35}}},"110":{"name":"(anonymous_110)","line":2627,"loc":{"start":{"line":2627,"column":23},"end":{"line":2627,"column":35}}},"111":{"name":"(anonymous_111)","line":2646,"loc":{"start":{"line":2646,"column":23},"end":{"line":2646,"column":35}}},"112":{"name":"(anonymous_112)","line":2683,"loc":{"start":{"line":2683,"column":23},"end":{"line":2683,"column":35}}},"113":{"name":"(anonymous_113)","line":2700,"loc":{"start":{"line":2700,"column":23},"end":{"line":2700,"column":35}}},"114":{"name":"(anonymous_114)","line":2717,"loc":{"start":{"line":2717,"column":26},"end":{"line":2717,"column":38}}},"115":{"name":"(anonymous_115)","line":2729,"loc":{"start":{"line":2729,"column":23},"end":{"line":2729,"column":35}}},"116":{"name":"(anonymous_116)","line":2756,"loc":{"start":{"line":2756,"column":84},"end":{"line":2756,"column":96}}}},"statementMap":{"1":{"start":{"line":1,"column":0},"end":{"line":1,"column":29}},"2":{"start":{"line":3,"column":0},"end":{"line":3,"column":54}},"3":{"start":{"line":4,"column":0},"end":{"line":4,"column":31}},"4":{"start":{"line":5,"column":0},"end":{"line":5,"column":38}},"5":{"start":{"line":6,"column":0},"end":{"line":6,"column":57}},"6":{"start":{"line":7,"column":0},"end":{"line":7,"column":41}},"7":{"start":{"line":8,"column":0},"end":{"line":8,"column":62}},"8":{"start":{"line":9,"column":0},"end":{"line":9,"column":57}},"9":{"start":{"line":11,"column":0},"end":{"line":11,"column":50}},"10":{"start":{"line":13,"column":0},"end":{"line":13,"column":22}},"11":{"start":{"line":14,"column":0},"end":{"line":14,"column":26}},"12":{"start":{"line":17,"column":0},"end":{"line":22,"column":1}},"13":{"start":{"line":20,"column":2},"end":{"line":20,"column":42}},"14":{"start":{"line":21,"column":2},"end":{"line":21,"column":73}},"15":{"start":{"line":25,"column":0},"end":{"line":30,"column":1}},"16":{"start":{"line":28,"column":2},"end":{"line":29,"column":54}},"17":{"start":{"line":44,"column":0},"end":{"line":60,"column":3}},"18":{"start":{"line":45,"column":2},"end":{"line":45,"column":56}},"19":{"start":{"line":46,"column":2},"end":{"line":46,"column":12}},"20":{"start":{"line":47,"column":2},"end":{"line":58,"column":5}},"21":{"start":{"line":48,"column":4},"end":{"line":48,"column":22}},"22":{"start":{"line":48,"column":15},"end":{"line":48,"column":22}},"23":{"start":{"line":51,"column":4},"end":{"line":56,"column":5}},"24":{"start":{"line":52,"column":6},"end":{"line":52,"column":46}},"25":{"start":{"line":54,"column":6},"end":{"line":54,"column":36}},"26":{"start":{"line":55,"column":6},"end":{"line":55,"column":46}},"27":{"start":{"line":57,"column":4},"end":{"line":57,"column":8}},"28":{"start":{"line":59,"column":2},"end":{"line":59,"column":43}},"29":{"start":{"line":79,"column":0},"end":{"line":102,"column":3}},"30":{"start":{"line":80,"column":2},"end":{"line":80,"column":56}},"31":{"start":{"line":81,"column":2},"end":{"line":81,"column":18}},"32":{"start":{"line":82,"column":2},"end":{"line":89,"column":5}},"33":{"start":{"line":83,"column":4},"end":{"line":83,"column":22}},"34":{"start":{"line":83,"column":15},"end":{"line":83,"column":22}},"35":{"start":{"line":86,"column":4},"end":{"line":86,"column":32}},"36":{"start":{"line":87,"column":4},"end":{"line":87,"column":24}},"37":{"start":{"line":88,"column":4},"end":{"line":88,"column":28}},"38":{"start":{"line":90,"column":2},"end":{"line":90,"column":12}},"39":{"start":{"line":91,"column":2},"end":{"line":100,"column":5}},"40":{"start":{"line":92,"column":4},"end":{"line":92,"column":32}},"41":{"start":{"line":93,"column":4},"end":{"line":98,"column":5}},"42":{"start":{"line":94,"column":6},"end":{"line":94,"column":55}},"43":{"start":{"line":96,"column":6},"end":{"line":96,"column":43}},"44":{"start":{"line":97,"column":6},"end":{"line":97,"column":41}},"45":{"start":{"line":99,"column":4},"end":{"line":99,"column":8}},"46":{"start":{"line":101,"column":2},"end":{"line":101,"column":43}},"47":{"start":{"line":115,"column":0},"end":{"line":135,"column":2}},"48":{"start":{"line":116,"column":2},"end":{"line":116,"column":18}},"49":{"start":{"line":117,"column":2},"end":{"line":117,"column":56}},"50":{"start":{"line":118,"column":2},"end":{"line":118,"column":21}},"51":{"start":{"line":119,"column":2},"end":{"line":123,"column":5}},"52":{"start":{"line":120,"column":4},"end":{"line":120,"column":54}},"53":{"start":{"line":121,"column":4},"end":{"line":121,"column":45}},"54":{"start":{"line":122,"column":4},"end":{"line":122,"column":62}},"55":{"start":{"line":124,"column":2},"end":{"line":124,"column":58}},"56":{"start":{"line":125,"column":2},"end":{"line":125,"column":21}},"57":{"start":{"line":126,"column":2},"end":{"line":134,"column":5}},"58":{"start":{"line":127,"column":4},"end":{"line":128,"column":63}},"59":{"start":{"line":129,"column":4},"end":{"line":129,"column":21}},"60":{"start":{"line":130,"column":4},"end":{"line":132,"column":7}},"61":{"start":{"line":131,"column":6},"end":{"line":131,"column":57}},"62":{"start":{"line":133,"column":4},"end":{"line":133,"column":64}},"63":{"start":{"line":137,"column":0},"end":{"line":168,"column":3}},"64":{"start":{"line":139,"column":4},"end":{"line":139,"column":33}},"65":{"start":{"line":142,"column":4},"end":{"line":142,"column":20}},"66":{"start":{"line":143,"column":4},"end":{"line":143,"column":31}},"67":{"start":{"line":144,"column":4},"end":{"line":144,"column":26}},"68":{"start":{"line":144,"column":14},"end":{"line":144,"column":26}},"69":{"start":{"line":145,"column":4},"end":{"line":145,"column":24}},"70":{"start":{"line":148,"column":4},"end":{"line":148,"column":20}},"71":{"start":{"line":149,"column":4},"end":{"line":149,"column":31}},"72":{"start":{"line":150,"column":4},"end":{"line":150,"column":26}},"73":{"start":{"line":150,"column":14},"end":{"line":150,"column":26}},"74":{"start":{"line":151,"column":4},"end":{"line":151,"column":22}},"75":{"start":{"line":154,"column":4},"end":{"line":154,"column":33}},"76":{"start":{"line":157,"column":4},"end":{"line":157,"column":20}},"77":{"start":{"line":158,"column":4},"end":{"line":158,"column":31}},"78":{"start":{"line":159,"column":4},"end":{"line":159,"column":26}},"79":{"start":{"line":159,"column":14},"end":{"line":159,"column":26}},"80":{"start":{"line":160,"column":4},"end":{"line":160,"column":24}},"81":{"start":{"line":163,"column":4},"end":{"line":163,"column":20}},"82":{"start":{"line":164,"column":4},"end":{"line":164,"column":31}},"83":{"start":{"line":165,"column":4},"end":{"line":165,"column":26}},"84":{"start":{"line":165,"column":14},"end":{"line":165,"column":26}},"85":{"start":{"line":166,"column":4},"end":{"line":166,"column":26}},"86":{"start":{"line":172,"column":0},"end":{"line":263,"column":3}},"87":{"start":{"line":173,"column":2},"end":{"line":173,"column":24}},"88":{"start":{"line":174,"column":2},"end":{"line":174,"column":10}},"89":{"start":{"line":177,"column":2},"end":{"line":177,"column":40}},"90":{"start":{"line":178,"column":2},"end":{"line":178,"column":16}},"91":{"start":{"line":179,"column":2},"end":{"line":179,"column":16}},"92":{"start":{"line":180,"column":2},"end":{"line":180,"column":18}},"93":{"start":{"line":181,"column":2},"end":{"line":181,"column":21}},"94":{"start":{"line":182,"column":2},"end":{"line":182,"column":21}},"95":{"start":{"line":183,"column":2},"end":{"line":183,"column":23}},"96":{"start":{"line":184,"column":2},"end":{"line":184,"column":18}},"97":{"start":{"line":185,"column":2},"end":{"line":185,"column":24}},"98":{"start":{"line":186,"column":2},"end":{"line":186,"column":18}},"99":{"start":{"line":187,"column":2},"end":{"line":187,"column":26}},"100":{"start":{"line":188,"column":2},"end":{"line":188,"column":25}},"101":{"start":{"line":190,"column":2},"end":{"line":190,"column":62}},"102":{"start":{"line":191,"column":2},"end":{"line":191,"column":18}},"103":{"start":{"line":192,"column":2},"end":{"line":192,"column":23}},"104":{"start":{"line":195,"column":2},"end":{"line":197,"column":5}},"105":{"start":{"line":196,"column":4},"end":{"line":196,"column":51}},"106":{"start":{"line":198,"column":2},"end":{"line":198,"column":19}},"107":{"start":{"line":199,"column":2},"end":{"line":199,"column":23}},"108":{"start":{"line":202,"column":2},"end":{"line":202,"column":66}},"109":{"start":{"line":203,"column":2},"end":{"line":203,"column":18}},"110":{"start":{"line":204,"column":2},"end":{"line":204,"column":22}},"111":{"start":{"line":207,"column":2},"end":{"line":209,"column":5}},"112":{"start":{"line":208,"column":4},"end":{"line":208,"column":51}},"113":{"start":{"line":210,"column":2},"end":{"line":210,"column":18}},"114":{"start":{"line":211,"column":2},"end":{"line":211,"column":20}},"115":{"start":{"line":212,"column":2},"end":{"line":212,"column":23}},"116":{"start":{"line":217,"column":2},"end":{"line":218,"column":48}},"117":{"start":{"line":219,"column":2},"end":{"line":219,"column":18}},"118":{"start":{"line":220,"column":2},"end":{"line":220,"column":20}},"119":{"start":{"line":221,"column":2},"end":{"line":221,"column":23}},"120":{"start":{"line":224,"column":2},"end":{"line":224,"column":31}},"121":{"start":{"line":225,"column":2},"end":{"line":225,"column":19}},"122":{"start":{"line":226,"column":2},"end":{"line":226,"column":25}},"123":{"start":{"line":229,"column":2},"end":{"line":229,"column":62}},"124":{"start":{"line":230,"column":2},"end":{"line":230,"column":18}},"125":{"start":{"line":231,"column":2},"end":{"line":231,"column":23}},"126":{"start":{"line":232,"column":2},"end":{"line":232,"column":13}},"127":{"start":{"line":234,"column":2},"end":{"line":234,"column":65}},"128":{"start":{"line":235,"column":2},"end":{"line":235,"column":64}},"129":{"start":{"line":236,"column":2},"end":{"line":238,"column":5}},"130":{"start":{"line":237,"column":4},"end":{"line":237,"column":50}},"131":{"start":{"line":240,"column":2},"end":{"line":240,"column":16}},"132":{"start":{"line":241,"column":2},"end":{"line":241,"column":18}},"133":{"start":{"line":242,"column":2},"end":{"line":242,"column":21}},"134":{"start":{"line":243,"column":2},"end":{"line":243,"column":21}},"135":{"start":{"line":244,"column":2},"end":{"line":244,"column":23}},"136":{"start":{"line":245,"column":2},"end":{"line":245,"column":18}},"137":{"start":{"line":246,"column":2},"end":{"line":246,"column":22}},"138":{"start":{"line":249,"column":2},"end":{"line":261,"column":5}},"139":{"start":{"line":250,"column":4},"end":{"line":250,"column":41}},"140":{"start":{"line":251,"column":4},"end":{"line":251,"column":31}},"141":{"start":{"line":252,"column":4},"end":{"line":252,"column":20}},"142":{"start":{"line":253,"column":4},"end":{"line":253,"column":45}},"143":{"start":{"line":254,"column":4},"end":{"line":254,"column":48}},"144":{"start":{"line":255,"column":4},"end":{"line":255,"column":41}},"145":{"start":{"line":257,"column":4},"end":{"line":257,"column":37}},"146":{"start":{"line":258,"column":4},"end":{"line":258,"column":20}},"147":{"start":{"line":259,"column":4},"end":{"line":259,"column":28}},"148":{"start":{"line":260,"column":4},"end":{"line":260,"column":27}},"149":{"start":{"line":262,"column":2},"end":{"line":262,"column":13}},"150":{"start":{"line":267,"column":0},"end":{"line":354,"column":3}},"151":{"start":{"line":268,"column":2},"end":{"line":268,"column":24}},"152":{"start":{"line":269,"column":2},"end":{"line":269,"column":10}},"153":{"start":{"line":272,"column":2},"end":{"line":272,"column":40}},"154":{"start":{"line":273,"column":2},"end":{"line":273,"column":16}},"155":{"start":{"line":274,"column":2},"end":{"line":274,"column":39}},"156":{"start":{"line":278,"column":2},"end":{"line":278,"column":48}},"157":{"start":{"line":279,"column":2},"end":{"line":279,"column":34}},"158":{"start":{"line":280,"column":2},"end":{"line":280,"column":20}},"159":{"start":{"line":285,"column":2},"end":{"line":285,"column":67}},"160":{"start":{"line":286,"column":2},"end":{"line":286,"column":34}},"161":{"start":{"line":287,"column":2},"end":{"line":287,"column":20}},"162":{"start":{"line":288,"column":2},"end":{"line":288,"column":35}},"163":{"start":{"line":290,"column":2},"end":{"line":290,"column":38}},"164":{"start":{"line":292,"column":2},"end":{"line":292,"column":52}},"165":{"start":{"line":293,"column":2},"end":{"line":293,"column":20}},"166":{"start":{"line":295,"column":2},"end":{"line":296,"column":50}},"167":{"start":{"line":301,"column":2},"end":{"line":301,"column":48}},"168":{"start":{"line":302,"column":2},"end":{"line":302,"column":34}},"169":{"start":{"line":303,"column":2},"end":{"line":303,"column":20}},"170":{"start":{"line":304,"column":2},"end":{"line":304,"column":49}},"171":{"start":{"line":305,"column":2},"end":{"line":305,"column":38}},"172":{"start":{"line":307,"column":2},"end":{"line":307,"column":24}},"173":{"start":{"line":309,"column":2},"end":{"line":309,"column":44}},"174":{"start":{"line":310,"column":2},"end":{"line":310,"column":47}},"175":{"start":{"line":311,"column":2},"end":{"line":311,"column":20}},"176":{"start":{"line":313,"column":2},"end":{"line":314,"column":74}},"177":{"start":{"line":316,"column":2},"end":{"line":316,"column":42}},"178":{"start":{"line":317,"column":2},"end":{"line":317,"column":41}},"179":{"start":{"line":318,"column":2},"end":{"line":318,"column":20}},"180":{"start":{"line":320,"column":2},"end":{"line":322,"column":62}},"181":{"start":{"line":324,"column":2},"end":{"line":327,"column":43}},"182":{"start":{"line":329,"column":2},"end":{"line":329,"column":41}},"183":{"start":{"line":330,"column":2},"end":{"line":330,"column":49}},"184":{"start":{"line":331,"column":2},"end":{"line":334,"column":37}},"185":{"start":{"line":336,"column":2},"end":{"line":336,"column":45}},"186":{"start":{"line":337,"column":2},"end":{"line":337,"column":58}},"187":{"start":{"line":338,"column":2},"end":{"line":338,"column":60}},"188":{"start":{"line":339,"column":2},"end":{"line":339,"column":53}},"189":{"start":{"line":341,"column":2},"end":{"line":343,"column":33}},"190":{"start":{"line":344,"column":2},"end":{"line":344,"column":22}},"191":{"start":{"line":345,"column":2},"end":{"line":345,"column":29}},"192":{"start":{"line":346,"column":2},"end":{"line":346,"column":27}},"193":{"start":{"line":350,"column":2},"end":{"line":350,"column":39}},"194":{"start":{"line":351,"column":2},"end":{"line":351,"column":32}},"195":{"start":{"line":352,"column":2},"end":{"line":352,"column":18}},"196":{"start":{"line":353,"column":2},"end":{"line":353,"column":20}},"197":{"start":{"line":356,"column":0},"end":{"line":399,"column":3}},"198":{"start":{"line":357,"column":2},"end":{"line":357,"column":24}},"199":{"start":{"line":358,"column":2},"end":{"line":358,"column":10}},"200":{"start":{"line":361,"column":2},"end":{"line":361,"column":40}},"201":{"start":{"line":362,"column":2},"end":{"line":362,"column":16}},"202":{"start":{"line":363,"column":2},"end":{"line":363,"column":39}},"203":{"start":{"line":367,"column":2},"end":{"line":367,"column":35}},"204":{"start":{"line":368,"column":2},"end":{"line":368,"column":26}},"205":{"start":{"line":369,"column":2},"end":{"line":369,"column":20}},"206":{"start":{"line":371,"column":2},"end":{"line":371,"column":20}},"207":{"start":{"line":372,"column":2},"end":{"line":373,"column":64}},"208":{"start":{"line":375,"column":2},"end":{"line":375,"column":24}},"209":{"start":{"line":376,"column":2},"end":{"line":376,"column":19}},"210":{"start":{"line":377,"column":2},"end":{"line":377,"column":22}},"211":{"start":{"line":379,"column":2},"end":{"line":379,"column":40}},"212":{"start":{"line":380,"column":2},"end":{"line":380,"column":19}},"213":{"start":{"line":381,"column":2},"end":{"line":381,"column":22}},"214":{"start":{"line":384,"column":2},"end":{"line":384,"column":34}},"215":{"start":{"line":385,"column":2},"end":{"line":385,"column":25}},"216":{"start":{"line":386,"column":2},"end":{"line":386,"column":20}},"217":{"start":{"line":388,"column":2},"end":{"line":388,"column":20}},"218":{"start":{"line":389,"column":2},"end":{"line":390,"column":63}},"219":{"start":{"line":392,"column":2},"end":{"line":392,"column":24}},"220":{"start":{"line":393,"column":2},"end":{"line":393,"column":19}},"221":{"start":{"line":394,"column":2},"end":{"line":394,"column":22}},"222":{"start":{"line":396,"column":2},"end":{"line":396,"column":40}},"223":{"start":{"line":397,"column":2},"end":{"line":397,"column":19}},"224":{"start":{"line":398,"column":2},"end":{"line":398,"column":22}},"225":{"start":{"line":401,"column":0},"end":{"line":412,"column":3}},"226":{"start":{"line":402,"column":2},"end":{"line":402,"column":24}},"227":{"start":{"line":403,"column":2},"end":{"line":403,"column":10}},"228":{"start":{"line":406,"column":2},"end":{"line":406,"column":66}},"229":{"start":{"line":407,"column":2},"end":{"line":407,"column":16}},"230":{"start":{"line":408,"column":2},"end":{"line":408,"column":31}},"231":{"start":{"line":409,"column":2},"end":{"line":409,"column":19}},"232":{"start":{"line":410,"column":2},"end":{"line":410,"column":57}},"233":{"start":{"line":411,"column":2},"end":{"line":411,"column":20}},"234":{"start":{"line":416,"column":0},"end":{"line":452,"column":3}},"235":{"start":{"line":417,"column":2},"end":{"line":449,"column":4}},"236":{"start":{"line":418,"column":4},"end":{"line":420,"column":7}},"237":{"start":{"line":423,"column":4},"end":{"line":423,"column":42}},"238":{"start":{"line":424,"column":4},"end":{"line":424,"column":18}},"239":{"start":{"line":425,"column":6},"end":{"line":425,"column":43}},"240":{"start":{"line":427,"column":4},"end":{"line":427,"column":64}},"241":{"start":{"line":428,"column":4},"end":{"line":428,"column":59}},"242":{"start":{"line":429,"column":4},"end":{"line":429,"column":27}},"243":{"start":{"line":430,"column":4},"end":{"line":430,"column":70}},"244":{"start":{"line":432,"column":4},"end":{"line":432,"column":27}},"245":{"start":{"line":433,"column":4},"end":{"line":448,"column":13}},"246":{"start":{"line":434,"column":6},"end":{"line":434,"column":22}},"247":{"start":{"line":435,"column":6},"end":{"line":435,"column":25}},"248":{"start":{"line":436,"column":6},"end":{"line":436,"column":25}},"249":{"start":{"line":437,"column":6},"end":{"line":437,"column":22}},"250":{"start":{"line":438,"column":6},"end":{"line":438,"column":27}},"251":{"start":{"line":439,"column":6},"end":{"line":439,"column":22}},"252":{"start":{"line":440,"column":6},"end":{"line":440,"column":30}},"253":{"start":{"line":441,"column":6},"end":{"line":441,"column":29}},"254":{"start":{"line":443,"column":6},"end":{"line":443,"column":26}},"255":{"start":{"line":444,"column":6},"end":{"line":444,"column":23}},"256":{"start":{"line":445,"column":6},"end":{"line":445,"column":53}},"257":{"start":{"line":446,"column":6},"end":{"line":446,"column":62}},"258":{"start":{"line":447,"column":6},"end":{"line":447,"column":17}},"259":{"start":{"line":451,"column":2},"end":{"line":451,"column":39}},"260":{"start":{"line":456,"column":0},"end":{"line":465,"column":3}},"261":{"start":{"line":457,"column":2},"end":{"line":457,"column":49}},"262":{"start":{"line":458,"column":2},"end":{"line":458,"column":74}},"263":{"start":{"line":459,"column":2},"end":{"line":463,"column":5}},"264":{"start":{"line":460,"column":4},"end":{"line":460,"column":43}},"265":{"start":{"line":461,"column":4},"end":{"line":461,"column":21}},"266":{"start":{"line":462,"column":4},"end":{"line":462,"column":22}},"267":{"start":{"line":464,"column":2},"end":{"line":464,"column":24}},"268":{"start":{"line":467,"column":0},"end":{"line":499,"column":3}},"269":{"start":{"line":470,"column":2},"end":{"line":470,"column":24}},"270":{"start":{"line":471,"column":2},"end":{"line":471,"column":41}},"271":{"start":{"line":472,"column":2},"end":{"line":472,"column":56}},"272":{"start":{"line":473,"column":2},"end":{"line":473,"column":43}},"273":{"start":{"line":479,"column":2},"end":{"line":479,"column":32}},"274":{"start":{"line":480,"column":2},"end":{"line":480,"column":40}},"275":{"start":{"line":481,"column":2},"end":{"line":481,"column":70}},"276":{"start":{"line":482,"column":2},"end":{"line":488,"column":5}},"277":{"start":{"line":483,"column":4},"end":{"line":483,"column":40}},"278":{"start":{"line":484,"column":4},"end":{"line":486,"column":50}},"279":{"start":{"line":487,"column":4},"end":{"line":487,"column":36}},"280":{"start":{"line":493,"column":2},"end":{"line":498,"column":5}},"281":{"start":{"line":494,"column":4},"end":{"line":494,"column":43}},"282":{"start":{"line":495,"column":4},"end":{"line":495,"column":21}},"283":{"start":{"line":496,"column":4},"end":{"line":496,"column":84}},"284":{"start":{"line":497,"column":4},"end":{"line":497,"column":22}},"285":{"start":{"line":509,"column":0},"end":{"line":581,"column":3}},"286":{"start":{"line":512,"column":2},"end":{"line":512,"column":24}},"287":{"start":{"line":513,"column":2},"end":{"line":513,"column":10}},"288":{"start":{"line":515,"column":2},"end":{"line":515,"column":74}},"289":{"start":{"line":517,"column":2},"end":{"line":517,"column":61}},"290":{"start":{"line":518,"column":2},"end":{"line":518,"column":55}},"291":{"start":{"line":519,"column":2},"end":{"line":519,"column":46}},"292":{"start":{"line":520,"column":2},"end":{"line":523,"column":5}},"293":{"start":{"line":524,"column":2},"end":{"line":529,"column":5}},"294":{"start":{"line":530,"column":2},"end":{"line":530,"column":41}},"295":{"start":{"line":535,"column":2},"end":{"line":537,"column":5}},"296":{"start":{"line":539,"column":2},"end":{"line":539,"column":48}},"297":{"start":{"line":541,"column":2},"end":{"line":541,"column":27}},"298":{"start":{"line":545,"column":2},"end":{"line":549,"column":5}},"299":{"start":{"line":546,"column":4},"end":{"line":546,"column":54}},"300":{"start":{"line":547,"column":4},"end":{"line":547,"column":44}},"301":{"start":{"line":548,"column":4},"end":{"line":548,"column":38}},"302":{"start":{"line":551,"column":2},"end":{"line":554,"column":5}},"303":{"start":{"line":556,"column":2},"end":{"line":556,"column":49}},"304":{"start":{"line":557,"column":2},"end":{"line":565,"column":5}},"305":{"start":{"line":560,"column":4},"end":{"line":561,"column":62}},"306":{"start":{"line":562,"column":4},"end":{"line":564,"column":39}},"307":{"start":{"line":566,"column":2},"end":{"line":566,"column":53}},"308":{"start":{"line":567,"column":2},"end":{"line":574,"column":5}},"309":{"start":{"line":568,"column":4},"end":{"line":573,"column":14}},"310":{"start":{"line":570,"column":13},"end":{"line":572,"column":51}},"311":{"start":{"line":577,"column":2},"end":{"line":580,"column":5}},"312":{"start":{"line":578,"column":4},"end":{"line":578,"column":48}},"313":{"start":{"line":579,"column":4},"end":{"line":579,"column":41}},"314":{"start":{"line":586,"column":0},"end":{"line":632,"column":3}},"315":{"start":{"line":588,"column":2},"end":{"line":588,"column":24}},"316":{"start":{"line":589,"column":2},"end":{"line":589,"column":10}},"317":{"start":{"line":592,"column":2},"end":{"line":592,"column":40}},"318":{"start":{"line":593,"column":2},"end":{"line":593,"column":16}},"319":{"start":{"line":594,"column":2},"end":{"line":594,"column":38}},"320":{"start":{"line":595,"column":2},"end":{"line":595,"column":19}},"321":{"start":{"line":596,"column":2},"end":{"line":596,"column":29}},"322":{"start":{"line":602,"column":2},"end":{"line":602,"column":45}},"323":{"start":{"line":603,"column":2},"end":{"line":603,"column":18}},"324":{"start":{"line":604,"column":2},"end":{"line":604,"column":21}},"325":{"start":{"line":605,"column":2},"end":{"line":605,"column":21}},"326":{"start":{"line":606,"column":2},"end":{"line":606,"column":26}},"327":{"start":{"line":607,"column":2},"end":{"line":607,"column":19}},"328":{"start":{"line":608,"column":2},"end":{"line":608,"column":26}},"329":{"start":{"line":609,"column":2},"end":{"line":609,"column":25}},"330":{"start":{"line":611,"column":2},"end":{"line":613,"column":5}},"331":{"start":{"line":612,"column":4},"end":{"line":612,"column":64}},"332":{"start":{"line":615,"column":2},"end":{"line":615,"column":18}},"333":{"start":{"line":616,"column":2},"end":{"line":616,"column":41}},"334":{"start":{"line":617,"column":2},"end":{"line":617,"column":13}},"335":{"start":{"line":619,"column":2},"end":{"line":619,"column":22}},"336":{"start":{"line":620,"column":2},"end":{"line":620,"column":29}},"337":{"start":{"line":621,"column":2},"end":{"line":621,"column":22}},"338":{"start":{"line":624,"column":2},"end":{"line":624,"column":19}},"339":{"start":{"line":625,"column":2},"end":{"line":625,"column":18}},"340":{"start":{"line":628,"column":2},"end":{"line":628,"column":73}},"341":{"start":{"line":629,"column":2},"end":{"line":629,"column":19}},"342":{"start":{"line":630,"column":2},"end":{"line":630,"column":41}},"343":{"start":{"line":631,"column":2},"end":{"line":631,"column":13}},"344":{"start":{"line":634,"column":0},"end":{"line":679,"column":3}},"345":{"start":{"line":636,"column":2},"end":{"line":636,"column":24}},"346":{"start":{"line":637,"column":2},"end":{"line":637,"column":41}},"347":{"start":{"line":640,"column":2},"end":{"line":640,"column":36}},"348":{"start":{"line":641,"column":2},"end":{"line":641,"column":22}},"349":{"start":{"line":643,"column":2},"end":{"line":643,"column":45}},"350":{"start":{"line":644,"column":2},"end":{"line":644,"column":54}},"351":{"start":{"line":645,"column":2},"end":{"line":645,"column":42}},"352":{"start":{"line":646,"column":2},"end":{"line":646,"column":22}},"353":{"start":{"line":650,"column":2},"end":{"line":651,"column":34}},"354":{"start":{"line":652,"column":2},"end":{"line":652,"column":19}},"355":{"start":{"line":653,"column":2},"end":{"line":653,"column":28}},"356":{"start":{"line":654,"column":2},"end":{"line":654,"column":22}},"357":{"start":{"line":655,"column":2},"end":{"line":655,"column":28}},"358":{"start":{"line":656,"column":2},"end":{"line":656,"column":26}},"359":{"start":{"line":657,"column":2},"end":{"line":657,"column":19}},"360":{"start":{"line":660,"column":2},"end":{"line":660,"column":55}},"361":{"start":{"line":661,"column":2},"end":{"line":661,"column":20}},"362":{"start":{"line":665,"column":2},"end":{"line":665,"column":30}},"363":{"start":{"line":667,"column":2},"end":{"line":667,"column":67}},"364":{"start":{"line":668,"column":2},"end":{"line":668,"column":19}},"365":{"start":{"line":669,"column":2},"end":{"line":669,"column":39}},"366":{"start":{"line":670,"column":2},"end":{"line":670,"column":32}},"367":{"start":{"line":671,"column":2},"end":{"line":671,"column":27}},"368":{"start":{"line":672,"column":2},"end":{"line":672,"column":22}},"369":{"start":{"line":673,"column":2},"end":{"line":673,"column":28}},"370":{"start":{"line":674,"column":2},"end":{"line":674,"column":26}},"371":{"start":{"line":675,"column":2},"end":{"line":675,"column":19}},"372":{"start":{"line":677,"column":2},"end":{"line":677,"column":55}},"373":{"start":{"line":678,"column":2},"end":{"line":678,"column":20}},"374":{"start":{"line":685,"column":0},"end":{"line":707,"column":2}},"375":{"start":{"line":686,"column":2},"end":{"line":686,"column":39}},"376":{"start":{"line":688,"column":2},"end":{"line":688,"column":66}},"377":{"start":{"line":689,"column":2},"end":{"line":691,"column":3}},"378":{"start":{"line":690,"column":4},"end":{"line":690,"column":75}},"379":{"start":{"line":692,"column":2},"end":{"line":692,"column":32}},"380":{"start":{"line":693,"column":2},"end":{"line":693,"column":40}},"381":{"start":{"line":694,"column":2},"end":{"line":694,"column":50}},"382":{"start":{"line":695,"column":2},"end":{"line":695,"column":65}},"383":{"start":{"line":696,"column":2},"end":{"line":696,"column":35}},"384":{"start":{"line":698,"column":2},"end":{"line":698,"column":29}},"385":{"start":{"line":699,"column":2},"end":{"line":699,"column":20}},"386":{"start":{"line":700,"column":2},"end":{"line":706,"column":3}},"387":{"start":{"line":701,"column":4},"end":{"line":701,"column":49}},"388":{"start":{"line":702,"column":4},"end":{"line":702,"column":22}},"389":{"start":{"line":704,"column":4},"end":{"line":704,"column":27}},"390":{"start":{"line":705,"column":4},"end":{"line":705,"column":22}},"391":{"start":{"line":709,"column":0},"end":{"line":769,"column":3}},"392":{"start":{"line":711,"column":2},"end":{"line":711,"column":24}},"393":{"start":{"line":712,"column":2},"end":{"line":712,"column":41}},"394":{"start":{"line":714,"column":2},"end":{"line":714,"column":65}},"395":{"start":{"line":717,"column":2},"end":{"line":717,"column":40}},"396":{"start":{"line":718,"column":2},"end":{"line":718,"column":52}},"397":{"start":{"line":719,"column":2},"end":{"line":719,"column":67}},"398":{"start":{"line":720,"column":2},"end":{"line":720,"column":23}},"399":{"start":{"line":724,"column":2},"end":{"line":724,"column":29}},"400":{"start":{"line":725,"column":2},"end":{"line":725,"column":45}},"401":{"start":{"line":726,"column":2},"end":{"line":726,"column":70}},"402":{"start":{"line":727,"column":2},"end":{"line":727,"column":41}},"403":{"start":{"line":728,"column":2},"end":{"line":728,"column":68}},"404":{"start":{"line":729,"column":2},"end":{"line":729,"column":19}},"405":{"start":{"line":730,"column":2},"end":{"line":730,"column":20}},"406":{"start":{"line":731,"column":2},"end":{"line":731,"column":45}},"407":{"start":{"line":732,"column":2},"end":{"line":732,"column":29}},"408":{"start":{"line":735,"column":2},"end":{"line":735,"column":76}},"409":{"start":{"line":736,"column":2},"end":{"line":736,"column":19}},"410":{"start":{"line":737,"column":2},"end":{"line":737,"column":55}},"411":{"start":{"line":738,"column":2},"end":{"line":738,"column":20}},"412":{"start":{"line":741,"column":2},"end":{"line":741,"column":13}},"413":{"start":{"line":742,"column":2},"end":{"line":742,"column":41}},"414":{"start":{"line":743,"column":2},"end":{"line":743,"column":50}},"415":{"start":{"line":744,"column":2},"end":{"line":744,"column":68}},"416":{"start":{"line":745,"column":2},"end":{"line":745,"column":24}},"417":{"start":{"line":748,"column":2},"end":{"line":748,"column":73}},"418":{"start":{"line":749,"column":2},"end":{"line":749,"column":19}},"419":{"start":{"line":750,"column":2},"end":{"line":750,"column":63}},"420":{"start":{"line":751,"column":2},"end":{"line":751,"column":21}},"421":{"start":{"line":752,"column":2},"end":{"line":752,"column":20}},"422":{"start":{"line":755,"column":2},"end":{"line":755,"column":45}},"423":{"start":{"line":756,"column":2},"end":{"line":756,"column":29}},"424":{"start":{"line":760,"column":2},"end":{"line":760,"column":41}},"425":{"start":{"line":761,"column":2},"end":{"line":761,"column":76}},"426":{"start":{"line":762,"column":2},"end":{"line":762,"column":19}},"427":{"start":{"line":763,"column":2},"end":{"line":763,"column":63}},"428":{"start":{"line":764,"column":2},"end":{"line":764,"column":22}},"429":{"start":{"line":765,"column":2},"end":{"line":765,"column":20}},"430":{"start":{"line":767,"column":2},"end":{"line":767,"column":45}},"431":{"start":{"line":768,"column":2},"end":{"line":768,"column":70}},"432":{"start":{"line":771,"column":0},"end":{"line":784,"column":3}},"433":{"start":{"line":772,"column":2},"end":{"line":772,"column":24}},"434":{"start":{"line":776,"column":2},"end":{"line":776,"column":32}},"435":{"start":{"line":777,"column":2},"end":{"line":777,"column":16}},"436":{"start":{"line":779,"column":2},"end":{"line":779,"column":66}},"437":{"start":{"line":780,"column":2},"end":{"line":780,"column":19}},"438":{"start":{"line":781,"column":2},"end":{"line":781,"column":62}},"439":{"start":{"line":782,"column":2},"end":{"line":782,"column":51}},"440":{"start":{"line":783,"column":2},"end":{"line":783,"column":20}},"441":{"start":{"line":786,"column":0},"end":{"line":803,"column":3}},"442":{"start":{"line":787,"column":2},"end":{"line":787,"column":68}},"443":{"start":{"line":788,"column":2},"end":{"line":788,"column":34}},"444":{"start":{"line":789,"column":2},"end":{"line":789,"column":40}},"445":{"start":{"line":790,"column":2},"end":{"line":790,"column":28}},"446":{"start":{"line":792,"column":2},"end":{"line":792,"column":58}},"447":{"start":{"line":793,"column":2},"end":{"line":793,"column":19}},"448":{"start":{"line":794,"column":2},"end":{"line":794,"column":29}},"449":{"start":{"line":795,"column":2},"end":{"line":795,"column":20}},"450":{"start":{"line":797,"column":2},"end":{"line":797,"column":22}},"451":{"start":{"line":798,"column":2},"end":{"line":798,"column":39}},"452":{"start":{"line":799,"column":2},"end":{"line":802,"column":3}},"453":{"start":{"line":800,"column":4},"end":{"line":801,"column":29}},"454":{"start":{"line":805,"column":0},"end":{"line":821,"column":3}},"455":{"start":{"line":806,"column":2},"end":{"line":806,"column":24}},"456":{"start":{"line":809,"column":2},"end":{"line":809,"column":51}},"457":{"start":{"line":810,"column":2},"end":{"line":810,"column":18}},"458":{"start":{"line":811,"column":2},"end":{"line":811,"column":51}},"459":{"start":{"line":812,"column":2},"end":{"line":812,"column":20}},"460":{"start":{"line":816,"column":2},"end":{"line":816,"column":42}},"461":{"start":{"line":817,"column":2},"end":{"line":817,"column":18}},"462":{"start":{"line":818,"column":2},"end":{"line":818,"column":46}},"463":{"start":{"line":819,"column":2},"end":{"line":819,"column":20}},"464":{"start":{"line":823,"column":0},"end":{"line":878,"column":3}},"465":{"start":{"line":824,"column":2},"end":{"line":824,"column":24}},"466":{"start":{"line":827,"column":2},"end":{"line":827,"column":39}},"467":{"start":{"line":828,"column":2},"end":{"line":828,"column":10}},"468":{"start":{"line":832,"column":2},"end":{"line":832,"column":40}},"469":{"start":{"line":833,"column":2},"end":{"line":833,"column":16}},"470":{"start":{"line":836,"column":2},"end":{"line":836,"column":30}},"471":{"start":{"line":837,"column":2},"end":{"line":837,"column":45}},"472":{"start":{"line":838,"column":2},"end":{"line":838,"column":20}},"473":{"start":{"line":842,"column":2},"end":{"line":842,"column":31}},"474":{"start":{"line":843,"column":2},"end":{"line":843,"column":20}},"475":{"start":{"line":848,"column":2},"end":{"line":848,"column":36}},"476":{"start":{"line":849,"column":2},"end":{"line":849,"column":45}},"477":{"start":{"line":850,"column":2},"end":{"line":850,"column":20}},"478":{"start":{"line":857,"column":2},"end":{"line":857,"column":44}},"479":{"start":{"line":858,"column":2},"end":{"line":858,"column":24}},"480":{"start":{"line":859,"column":2},"end":{"line":859,"column":45}},"481":{"start":{"line":860,"column":2},"end":{"line":860,"column":22}},"482":{"start":{"line":864,"column":2},"end":{"line":864,"column":45}},"483":{"start":{"line":865,"column":2},"end":{"line":865,"column":24}},"484":{"start":{"line":866,"column":2},"end":{"line":866,"column":53}},"485":{"start":{"line":867,"column":2},"end":{"line":867,"column":22}},"486":{"start":{"line":872,"column":2},"end":{"line":872,"column":49}},"487":{"start":{"line":873,"column":2},"end":{"line":873,"column":24}},"488":{"start":{"line":874,"column":2},"end":{"line":874,"column":38}},"489":{"start":{"line":875,"column":2},"end":{"line":875,"column":39}},"490":{"start":{"line":876,"column":2},"end":{"line":876,"column":54}},"491":{"start":{"line":877,"column":2},"end":{"line":877,"column":22}},"492":{"start":{"line":901,"column":0},"end":{"line":957,"column":3}},"493":{"start":{"line":902,"column":2},"end":{"line":902,"column":10}},"494":{"start":{"line":903,"column":2},"end":{"line":907,"column":3}},"495":{"start":{"line":904,"column":4},"end":{"line":904,"column":55}},"496":{"start":{"line":906,"column":4},"end":{"line":906,"column":41}},"497":{"start":{"line":908,"column":2},"end":{"line":909,"column":69}},"498":{"start":{"line":910,"column":2},"end":{"line":910,"column":46}},"499":{"start":{"line":911,"column":2},"end":{"line":913,"column":3}},"500":{"start":{"line":912,"column":4},"end":{"line":912,"column":53}},"501":{"start":{"line":914,"column":2},"end":{"line":916,"column":3}},"502":{"start":{"line":915,"column":4},"end":{"line":915,"column":59}},"503":{"start":{"line":917,"column":2},"end":{"line":919,"column":3}},"504":{"start":{"line":918,"column":4},"end":{"line":918,"column":43}},"505":{"start":{"line":920,"column":2},"end":{"line":922,"column":3}},"506":{"start":{"line":921,"column":4},"end":{"line":921,"column":51}},"507":{"start":{"line":923,"column":2},"end":{"line":925,"column":3}},"508":{"start":{"line":924,"column":4},"end":{"line":924,"column":51}},"509":{"start":{"line":926,"column":2},"end":{"line":926,"column":17}},"510":{"start":{"line":927,"column":2},"end":{"line":931,"column":3}},"511":{"start":{"line":928,"column":4},"end":{"line":928,"column":41}},"512":{"start":{"line":929,"column":9},"end":{"line":931,"column":3}},"513":{"start":{"line":930,"column":4},"end":{"line":930,"column":37}},"514":{"start":{"line":932,"column":2},"end":{"line":952,"column":3}},"515":{"start":{"line":933,"column":4},"end":{"line":937,"column":5}},"516":{"start":{"line":934,"column":6},"end":{"line":934,"column":29}},"517":{"start":{"line":936,"column":6},"end":{"line":936,"column":36}},"518":{"start":{"line":938,"column":4},"end":{"line":950,"column":7}},"519":{"start":{"line":939,"column":6},"end":{"line":939,"column":33}},"520":{"start":{"line":940,"column":6},"end":{"line":949,"column":6}},"521":{"start":{"line":941,"column":8},"end":{"line":941,"column":44}},"522":{"start":{"line":943,"column":8},"end":{"line":943,"column":32}},"523":{"start":{"line":944,"column":8},"end":{"line":948,"column":9}},"524":{"start":{"line":945,"column":10},"end":{"line":945,"column":42}},"525":{"start":{"line":947,"column":10},"end":{"line":947,"column":26}},"526":{"start":{"line":951,"column":4},"end":{"line":951,"column":19}},"527":{"start":{"line":953,"column":2},"end":{"line":955,"column":3}},"528":{"start":{"line":954,"column":4},"end":{"line":954,"column":31}},"529":{"start":{"line":956,"column":2},"end":{"line":956,"column":20}},"530":{"start":{"line":975,"column":0},"end":{"line":1025,"column":3}},"531":{"start":{"line":976,"column":2},"end":{"line":976,"column":33}},"532":{"start":{"line":977,"column":2},"end":{"line":977,"column":32}},"533":{"start":{"line":978,"column":2},"end":{"line":978,"column":48}},"534":{"start":{"line":979,"column":2},"end":{"line":979,"column":55}},"535":{"start":{"line":980,"column":2},"end":{"line":982,"column":3}},"536":{"start":{"line":981,"column":4},"end":{"line":981,"column":56}},"537":{"start":{"line":983,"column":2},"end":{"line":985,"column":3}},"538":{"start":{"line":984,"column":4},"end":{"line":984,"column":51}},"539":{"start":{"line":986,"column":2},"end":{"line":988,"column":3}},"540":{"start":{"line":987,"column":4},"end":{"line":987,"column":51}},"541":{"start":{"line":989,"column":2},"end":{"line":991,"column":3}},"542":{"start":{"line":990,"column":4},"end":{"line":990,"column":44}},"543":{"start":{"line":992,"column":2},"end":{"line":998,"column":3}},"544":{"start":{"line":993,"column":4},"end":{"line":993,"column":19}},"545":{"start":{"line":994,"column":4},"end":{"line":994,"column":41}},"546":{"start":{"line":995,"column":9},"end":{"line":998,"column":3}},"547":{"start":{"line":996,"column":4},"end":{"line":996,"column":19}},"548":{"start":{"line":997,"column":4},"end":{"line":997,"column":37}},"549":{"start":{"line":999,"column":2},"end":{"line":1013,"column":3}},"550":{"start":{"line":1000,"column":4},"end":{"line":1000,"column":19}},"551":{"start":{"line":1001,"column":4},"end":{"line":1001,"column":30}},"552":{"start":{"line":1003,"column":4},"end":{"line":1012,"column":7}},"553":{"start":{"line":1004,"column":6},"end":{"line":1004,"column":28}},"554":{"start":{"line":1005,"column":6},"end":{"line":1007,"column":7}},"555":{"start":{"line":1006,"column":8},"end":{"line":1006,"column":39}},"556":{"start":{"line":1008,"column":6},"end":{"line":1010,"column":7}},"557":{"start":{"line":1009,"column":8},"end":{"line":1009,"column":39}},"558":{"start":{"line":1011,"column":6},"end":{"line":1011,"column":37}},"559":{"start":{"line":1014,"column":2},"end":{"line":1019,"column":3}},"560":{"start":{"line":1015,"column":4},"end":{"line":1015,"column":20}},"561":{"start":{"line":1016,"column":4},"end":{"line":1018,"column":44}},"562":{"start":{"line":1020,"column":2},"end":{"line":1022,"column":3}},"563":{"start":{"line":1021,"column":4},"end":{"line":1021,"column":45}},"564":{"start":{"line":1024,"column":2},"end":{"line":1024,"column":19}},"565":{"start":{"line":1031,"column":0},"end":{"line":1065,"column":3}},"566":{"start":{"line":1032,"column":2},"end":{"line":1032,"column":24}},"567":{"start":{"line":1033,"column":2},"end":{"line":1033,"column":54}},"568":{"start":{"line":1037,"column":2},"end":{"line":1037,"column":50}},"569":{"start":{"line":1038,"column":2},"end":{"line":1038,"column":56}},"570":{"start":{"line":1040,"column":2},"end":{"line":1058,"column":5}},"571":{"start":{"line":1041,"column":4},"end":{"line":1041,"column":54}},"572":{"start":{"line":1042,"column":4},"end":{"line":1045,"column":7}},"573":{"start":{"line":1047,"column":4},"end":{"line":1051,"column":7}},"574":{"start":{"line":1054,"column":4},"end":{"line":1054,"column":28}},"575":{"start":{"line":1055,"column":4},"end":{"line":1055,"column":47}},"576":{"start":{"line":1056,"column":4},"end":{"line":1056,"column":49}},"577":{"start":{"line":1057,"column":4},"end":{"line":1057,"column":22}},"578":{"start":{"line":1062,"column":2},"end":{"line":1062,"column":26}},"579":{"start":{"line":1063,"column":2},"end":{"line":1063,"column":52}},"580":{"start":{"line":1064,"column":2},"end":{"line":1064,"column":20}},"581":{"start":{"line":1068,"column":0},"end":{"line":1071,"column":2}},"582":{"start":{"line":1069,"column":2},"end":{"line":1069,"column":25}},"583":{"start":{"line":1070,"column":2},"end":{"line":1070,"column":35}},"584":{"start":{"line":1075,"column":0},"end":{"line":1211,"column":3}},"585":{"start":{"line":1078,"column":2},"end":{"line":1078,"column":24}},"586":{"start":{"line":1079,"column":2},"end":{"line":1079,"column":54}},"587":{"start":{"line":1080,"column":2},"end":{"line":1080,"column":32}},"588":{"start":{"line":1081,"column":2},"end":{"line":1081,"column":16}},"589":{"start":{"line":1082,"column":2},"end":{"line":1082,"column":22}},"590":{"start":{"line":1083,"column":2},"end":{"line":1085,"column":5}},"591":{"start":{"line":1084,"column":4},"end":{"line":1084,"column":52}},"592":{"start":{"line":1087,"column":2},"end":{"line":1087,"column":77}},"593":{"start":{"line":1088,"column":2},"end":{"line":1090,"column":5}},"594":{"start":{"line":1089,"column":4},"end":{"line":1089,"column":46}},"595":{"start":{"line":1092,"column":2},"end":{"line":1092,"column":41}},"596":{"start":{"line":1095,"column":2},"end":{"line":1100,"column":5}},"597":{"start":{"line":1103,"column":2},"end":{"line":1103,"column":31}},"598":{"start":{"line":1104,"column":2},"end":{"line":1104,"column":18}},"599":{"start":{"line":1105,"column":2},"end":{"line":1105,"column":20}},"600":{"start":{"line":1106,"column":2},"end":{"line":1111,"column":5}},"601":{"start":{"line":1115,"column":2},"end":{"line":1115,"column":30}},"602":{"start":{"line":1116,"column":2},"end":{"line":1116,"column":19}},"603":{"start":{"line":1117,"column":2},"end":{"line":1117,"column":18}},"604":{"start":{"line":1118,"column":2},"end":{"line":1118,"column":27}},"605":{"start":{"line":1119,"column":2},"end":{"line":1119,"column":20}},"606":{"start":{"line":1122,"column":2},"end":{"line":1122,"column":19}},"607":{"start":{"line":1123,"column":2},"end":{"line":1123,"column":37}},"608":{"start":{"line":1124,"column":2},"end":{"line":1124,"column":28}},"609":{"start":{"line":1125,"column":2},"end":{"line":1125,"column":73}},"610":{"start":{"line":1126,"column":2},"end":{"line":1126,"column":50}},"611":{"start":{"line":1127,"column":2},"end":{"line":1129,"column":5}},"612":{"start":{"line":1128,"column":4},"end":{"line":1128,"column":50}},"613":{"start":{"line":1131,"column":2},"end":{"line":1132,"column":109}},"614":{"start":{"line":1133,"column":2},"end":{"line":1133,"column":36}},"615":{"start":{"line":1135,"column":2},"end":{"line":1142,"column":5}},"616":{"start":{"line":1143,"column":2},"end":{"line":1151,"column":5}},"617":{"start":{"line":1155,"column":2},"end":{"line":1162,"column":4}},"618":{"start":{"line":1163,"column":2},"end":{"line":1166,"column":14}},"619":{"start":{"line":1164,"column":4},"end":{"line":1164,"column":75}},"620":{"start":{"line":1165,"column":4},"end":{"line":1165,"column":65}},"621":{"start":{"line":1167,"column":2},"end":{"line":1175,"column":5}},"622":{"start":{"line":1168,"column":4},"end":{"line":1168,"column":50}},"623":{"start":{"line":1169,"column":4},"end":{"line":1169,"column":40}},"624":{"start":{"line":1170,"column":4},"end":{"line":1173,"column":7}},"625":{"start":{"line":1171,"column":6},"end":{"line":1171,"column":62}},"626":{"start":{"line":1172,"column":6},"end":{"line":1172,"column":50}},"627":{"start":{"line":1174,"column":4},"end":{"line":1174,"column":36}},"628":{"start":{"line":1177,"column":2},"end":{"line":1177,"column":37}},"629":{"start":{"line":1178,"column":2},"end":{"line":1178,"column":32}},"630":{"start":{"line":1179,"column":2},"end":{"line":1181,"column":5}},"631":{"start":{"line":1180,"column":4},"end":{"line":1180,"column":60}},"632":{"start":{"line":1182,"column":2},"end":{"line":1185,"column":33}},"633":{"start":{"line":1187,"column":2},"end":{"line":1195,"column":5}},"634":{"start":{"line":1198,"column":2},"end":{"line":1200,"column":5}},"635":{"start":{"line":1199,"column":4},"end":{"line":1199,"column":49}},"636":{"start":{"line":1201,"column":2},"end":{"line":1210,"column":5}},"637":{"start":{"line":1216,"column":0},"end":{"line":1303,"column":3}},"638":{"start":{"line":1221,"column":2},"end":{"line":1221,"column":24}},"639":{"start":{"line":1227,"column":2},"end":{"line":1227,"column":30}},"640":{"start":{"line":1228,"column":2},"end":{"line":1228,"column":10}},"641":{"start":{"line":1230,"column":2},"end":{"line":1230,"column":41}},"642":{"start":{"line":1231,"column":2},"end":{"line":1231,"column":57}},"643":{"start":{"line":1233,"column":2},"end":{"line":1233,"column":46}},"644":{"start":{"line":1235,"column":2},"end":{"line":1235,"column":43}},"645":{"start":{"line":1239,"column":2},"end":{"line":1239,"column":66}},"646":{"start":{"line":1240,"column":2},"end":{"line":1240,"column":71}},"647":{"start":{"line":1241,"column":2},"end":{"line":1285,"column":5}},"648":{"start":{"line":1242,"column":4},"end":{"line":1242,"column":46}},"649":{"start":{"line":1243,"column":4},"end":{"line":1243,"column":43}},"650":{"start":{"line":1244,"column":4},"end":{"line":1244,"column":45}},"651":{"start":{"line":1245,"column":4},"end":{"line":1254,"column":7}},"652":{"start":{"line":1257,"column":4},"end":{"line":1261,"column":42}},"653":{"start":{"line":1262,"column":4},"end":{"line":1269,"column":7}},"654":{"start":{"line":1272,"column":4},"end":{"line":1272,"column":43}},"655":{"start":{"line":1273,"column":4},"end":{"line":1273,"column":21}},"656":{"start":{"line":1274,"column":4},"end":{"line":1274,"column":23}},"657":{"start":{"line":1275,"column":4},"end":{"line":1275,"column":22}},"658":{"start":{"line":1278,"column":4},"end":{"line":1278,"column":24}},"659":{"start":{"line":1279,"column":4},"end":{"line":1279,"column":58}},"660":{"start":{"line":1280,"column":4},"end":{"line":1280,"column":49}},"661":{"start":{"line":1281,"column":4},"end":{"line":1281,"column":36}},"662":{"start":{"line":1282,"column":4},"end":{"line":1282,"column":36}},"663":{"start":{"line":1283,"column":4},"end":{"line":1283,"column":37}},"664":{"start":{"line":1284,"column":4},"end":{"line":1284,"column":21}},"665":{"start":{"line":1289,"column":2},"end":{"line":1289,"column":32}},"666":{"start":{"line":1290,"column":2},"end":{"line":1297,"column":5}},"667":{"start":{"line":1299,"column":2},"end":{"line":1299,"column":41}},"668":{"start":{"line":1300,"column":2},"end":{"line":1300,"column":19}},"669":{"start":{"line":1301,"column":2},"end":{"line":1301,"column":21}},"670":{"start":{"line":1302,"column":2},"end":{"line":1302,"column":20}},"671":{"start":{"line":1308,"column":0},"end":{"line":1629,"column":3}},"672":{"start":{"line":1315,"column":2},"end":{"line":1315,"column":30}},"673":{"start":{"line":1317,"column":2},"end":{"line":1317,"column":24}},"674":{"start":{"line":1318,"column":2},"end":{"line":1318,"column":41}},"675":{"start":{"line":1319,"column":2},"end":{"line":1319,"column":56}},"676":{"start":{"line":1320,"column":2},"end":{"line":1320,"column":20}},"677":{"start":{"line":1324,"column":2},"end":{"line":1324,"column":42}},"678":{"start":{"line":1325,"column":2},"end":{"line":1325,"column":71}},"679":{"start":{"line":1326,"column":2},"end":{"line":1330,"column":5}},"680":{"start":{"line":1327,"column":4},"end":{"line":1327,"column":43}},"681":{"start":{"line":1328,"column":4},"end":{"line":1328,"column":21}},"682":{"start":{"line":1329,"column":4},"end":{"line":1329,"column":22}},"683":{"start":{"line":1332,"column":2},"end":{"line":1332,"column":41}},"684":{"start":{"line":1333,"column":2},"end":{"line":1333,"column":51}},"685":{"start":{"line":1334,"column":2},"end":{"line":1340,"column":5}},"686":{"start":{"line":1342,"column":2},"end":{"line":1349,"column":5}},"687":{"start":{"line":1352,"column":2},"end":{"line":1357,"column":5}},"688":{"start":{"line":1353,"column":4},"end":{"line":1353,"column":46}},"689":{"start":{"line":1354,"column":4},"end":{"line":1354,"column":31}},"690":{"start":{"line":1355,"column":4},"end":{"line":1355,"column":21}},"691":{"start":{"line":1356,"column":4},"end":{"line":1356,"column":22}},"692":{"start":{"line":1358,"column":2},"end":{"line":1358,"column":51}},"693":{"start":{"line":1360,"column":2},"end":{"line":1366,"column":5}},"694":{"start":{"line":1368,"column":2},"end":{"line":1375,"column":5}},"695":{"start":{"line":1378,"column":2},"end":{"line":1383,"column":5}},"696":{"start":{"line":1379,"column":4},"end":{"line":1379,"column":50}},"697":{"start":{"line":1380,"column":4},"end":{"line":1380,"column":31}},"698":{"start":{"line":1381,"column":4},"end":{"line":1381,"column":21}},"699":{"start":{"line":1382,"column":4},"end":{"line":1382,"column":22}},"700":{"start":{"line":1384,"column":2},"end":{"line":1384,"column":51}},"701":{"start":{"line":1385,"column":2},"end":{"line":1388,"column":47}},"702":{"start":{"line":1390,"column":2},"end":{"line":1398,"column":5}},"703":{"start":{"line":1400,"column":2},"end":{"line":1409,"column":5}},"704":{"start":{"line":1414,"column":2},"end":{"line":1414,"column":63}},"705":{"start":{"line":1415,"column":2},"end":{"line":1415,"column":45}},"706":{"start":{"line":1416,"column":2},"end":{"line":1416,"column":63}},"707":{"start":{"line":1417,"column":2},"end":{"line":1417,"column":45}},"708":{"start":{"line":1418,"column":2},"end":{"line":1429,"column":5}},"709":{"start":{"line":1421,"column":4},"end":{"line":1421,"column":47}},"710":{"start":{"line":1422,"column":4},"end":{"line":1422,"column":40}},"711":{"start":{"line":1423,"column":4},"end":{"line":1423,"column":69}},"712":{"start":{"line":1424,"column":4},"end":{"line":1424,"column":69}},"713":{"start":{"line":1425,"column":4},"end":{"line":1425,"column":36}},"714":{"start":{"line":1426,"column":4},"end":{"line":1426,"column":31}},"715":{"start":{"line":1427,"column":4},"end":{"line":1427,"column":21}},"716":{"start":{"line":1428,"column":4},"end":{"line":1428,"column":22}},"717":{"start":{"line":1431,"column":2},"end":{"line":1431,"column":75}},"718":{"start":{"line":1432,"column":2},"end":{"line":1432,"column":62}},"719":{"start":{"line":1433,"column":2},"end":{"line":1439,"column":5}},"720":{"start":{"line":1441,"column":2},"end":{"line":1452,"column":5}},"721":{"start":{"line":1458,"column":2},"end":{"line":1465,"column":4}},"722":{"start":{"line":1466,"column":2},"end":{"line":1470,"column":14}},"723":{"start":{"line":1467,"column":4},"end":{"line":1467,"column":75}},"724":{"start":{"line":1468,"column":4},"end":{"line":1468,"column":37}},"725":{"start":{"line":1469,"column":4},"end":{"line":1469,"column":65}},"726":{"start":{"line":1472,"column":2},"end":{"line":1485,"column":5}},"727":{"start":{"line":1475,"column":4},"end":{"line":1475,"column":50}},"728":{"start":{"line":1476,"column":4},"end":{"line":1476,"column":40}},"729":{"start":{"line":1477,"column":4},"end":{"line":1480,"column":7}},"730":{"start":{"line":1478,"column":7},"end":{"line":1478,"column":63}},"731":{"start":{"line":1479,"column":7},"end":{"line":1479,"column":51}},"732":{"start":{"line":1481,"column":4},"end":{"line":1481,"column":36}},"733":{"start":{"line":1482,"column":4},"end":{"line":1482,"column":31}},"734":{"start":{"line":1483,"column":4},"end":{"line":1483,"column":21}},"735":{"start":{"line":1484,"column":4},"end":{"line":1484,"column":22}},"736":{"start":{"line":1487,"column":2},"end":{"line":1487,"column":37}},"737":{"start":{"line":1488,"column":2},"end":{"line":1490,"column":5}},"738":{"start":{"line":1489,"column":4},"end":{"line":1489,"column":60}},"739":{"start":{"line":1491,"column":2},"end":{"line":1494,"column":33}},"740":{"start":{"line":1497,"column":2},"end":{"line":1499,"column":5}},"741":{"start":{"line":1498,"column":4},"end":{"line":1498,"column":49}},"742":{"start":{"line":1500,"column":2},"end":{"line":1500,"column":51}},"743":{"start":{"line":1501,"column":2},"end":{"line":1501,"column":54}},"744":{"start":{"line":1502,"column":2},"end":{"line":1502,"column":37}},"745":{"start":{"line":1503,"column":2},"end":{"line":1503,"column":36}},"746":{"start":{"line":1504,"column":2},"end":{"line":1512,"column":5}},"747":{"start":{"line":1514,"column":2},"end":{"line":1524,"column":5}},"748":{"start":{"line":1527,"column":2},"end":{"line":1527,"column":81}},"749":{"start":{"line":1528,"column":2},"end":{"line":1528,"column":19}},"750":{"start":{"line":1529,"column":2},"end":{"line":1529,"column":20}},"751":{"start":{"line":1530,"column":2},"end":{"line":1530,"column":20}},"752":{"start":{"line":1532,"column":2},"end":{"line":1541,"column":5}},"753":{"start":{"line":1545,"column":2},"end":{"line":1545,"column":33}},"754":{"start":{"line":1546,"column":2},"end":{"line":1546,"column":19}},"755":{"start":{"line":1547,"column":2},"end":{"line":1547,"column":20}},"756":{"start":{"line":1548,"column":2},"end":{"line":1552,"column":5}},"757":{"start":{"line":1549,"column":4},"end":{"line":1549,"column":55}},"758":{"start":{"line":1550,"column":4},"end":{"line":1550,"column":21}},"759":{"start":{"line":1551,"column":4},"end":{"line":1551,"column":22}},"760":{"start":{"line":1554,"column":2},"end":{"line":1554,"column":33}},"761":{"start":{"line":1555,"column":2},"end":{"line":1555,"column":71}},"762":{"start":{"line":1556,"column":2},"end":{"line":1565,"column":5}},"763":{"start":{"line":1568,"column":2},"end":{"line":1573,"column":5}},"764":{"start":{"line":1569,"column":4},"end":{"line":1569,"column":48}},"765":{"start":{"line":1570,"column":4},"end":{"line":1570,"column":31}},"766":{"start":{"line":1571,"column":4},"end":{"line":1571,"column":21}},"767":{"start":{"line":1572,"column":4},"end":{"line":1572,"column":22}},"768":{"start":{"line":1575,"column":2},"end":{"line":1575,"column":69}},"769":{"start":{"line":1576,"column":2},"end":{"line":1576,"column":19}},"770":{"start":{"line":1577,"column":2},"end":{"line":1577,"column":20}},"771":{"start":{"line":1580,"column":2},"end":{"line":1583,"column":71}},"772":{"start":{"line":1584,"column":2},"end":{"line":1599,"column":5}},"773":{"start":{"line":1601,"column":2},"end":{"line":1602,"column":64}},"774":{"start":{"line":1604,"column":2},"end":{"line":1614,"
[...]
olumn":26}},"1079":{"start":{"line":2511,"column":2},"end":{"line":2514,"column":19}},"1080":{"start":{"line":2517,"column":2},"end":{"line":2525,"column":5}},"1081":{"start":{"line":2518,"column":4},"end":{"line":2518,"column":52}},"1082":{"start":{"line":2519,"column":4},"end":{"line":2519,"column":45}},"1083":{"start":{"line":2520,"column":4},"end":{"line":2520,"column":53}},"1084":{"start":{"line":2521,"column":4},"end":{"line":2521,"column":53}},"1085":{"start":{"line":2522,"column":4},"end":{"line":2522,"column":65}},"1086":{"start":{"line":2523,"column":4},"end":{"line":2523,"column":35}},"1087":{"start":{"line":2524,"column":4},"end":{"line":2524,"column":13}},"1088":{"start":{"line":2527,"column":2},"end":{"line":2531,"column":26}},"1089":{"start":{"line":2532,"column":2},"end":{"line":2536,"column":19}},"1090":{"start":{"line":2539,"column":2},"end":{"line":2539,"column":41}},"1091":{"start":{"line":2540,"column":2},"end":{"line":2540,"column":27}},"1092":{"start":{"line":2541,"column":2},"end":{"line":2549,"column":5}},"1093":{"start":{"line":2542,"column":4},"end":{"line":2542,"column":52}},"1094":{"start":{"line":2543,"column":4},"end":{"line":2543,"column":45}},"1095":{"start":{"line":2544,"column":4},"end":{"line":2544,"column":53}},"1096":{"start":{"line":2545,"column":4},"end":{"line":2545,"column":53}},"1097":{"start":{"line":2546,"column":4},"end":{"line":2546,"column":65}},"1098":{"start":{"line":2547,"column":4},"end":{"line":2547,"column":35}},"1099":{"start":{"line":2548,"column":4},"end":{"line":2548,"column":13}},"1100":{"start":{"line":2551,"column":2},"end":{"line":2555,"column":26}},"1101":{"start":{"line":2556,"column":2},"end":{"line":2560,"column":19}},"1102":{"start":{"line":2563,"column":2},"end":{"line":2563,"column":52}},"1103":{"start":{"line":2564,"column":2},"end":{"line":2564,"column":32}},"1104":{"start":{"line":2565,"column":2},"end":{"line":2574,"column":5}},"1105":{"start":{"line":2566,"column":4},"end":{"line":2566,"column":52}},"1106":{"start":{"line":2567,"column":4},"end":{"line":2567,"column":45}},"1107":{"start":{"line":2568,"column":4},"end":{"line":2568,"column":53}},"1108":{"start":{"line":2569,"column":4},"end":{"line":2569,"column":53}},"1109":{"start":{"line":2570,"column":4},"end":{"line":2570,"column":65}},"1110":{"start":{"line":2571,"column":4},"end":{"line":2571,"column":35}},"1111":{"start":{"line":2572,"column":4},"end":{"line":2572,"column":46}},"1112":{"start":{"line":2573,"column":4},"end":{"line":2573,"column":13}},"1113":{"start":{"line":2575,"column":2},"end":{"line":2579,"column":26}},"1114":{"start":{"line":2580,"column":2},"end":{"line":2584,"column":19}},"1115":{"start":{"line":2587,"column":2},"end":{"line":2587,"column":44}},"1116":{"start":{"line":2588,"column":2},"end":{"line":2591,"column":5}},"1117":{"start":{"line":2589,"column":4},"end":{"line":2589,"column":48}},"1118":{"start":{"line":2590,"column":4},"end":{"line":2590,"column":13}},"1119":{"start":{"line":2592,"column":2},"end":{"line":2596,"column":26}},"1120":{"start":{"line":2597,"column":2},"end":{"line":2601,"column":19}},"1121":{"start":{"line":2604,"column":2},"end":{"line":2604,"column":37}},"1122":{"start":{"line":2605,"column":2},"end":{"line":2614,"column":5}},"1123":{"start":{"line":2606,"column":4},"end":{"line":2606,"column":52}},"1124":{"start":{"line":2607,"column":4},"end":{"line":2607,"column":45}},"1125":{"start":{"line":2608,"column":4},"end":{"line":2608,"column":53}},"1126":{"start":{"line":2609,"column":4},"end":{"line":2609,"column":53}},"1127":{"start":{"line":2610,"column":4},"end":{"line":2610,"column":69}},"1128":{"start":{"line":2611,"column":4},"end":{"line":2611,"column":35}},"1129":{"start":{"line":2612,"column":4},"end":{"line":2612,"column":50}},"1130":{"start":{"line":2613,"column":4},"end":{"line":2613,"column":13}},"1131":{"start":{"line":2615,"column":2},"end":{"line":2619,"column":26}},"1132":{"start":{"line":2620,"column":2},"end":{"line":2624,"column":19}},"1133":{"start":{"line":2627,"column":2},"end":{"line":2635,"column":5}},"1134":{"start":{"line":2628,"column":4},"end":{"line":2628,"column":52}},"1135":{"start":{"line":2629,"column":4},"end":{"line":2629,"column":45}},"1136":{"start":{"line":2630,"column":4},"end":{"line":2630,"column":53}},"1137":{"start":{"line":2631,"column":4},"end":{"line":2631,"column":53}},"1138":{"start":{"line":2632,"column":4},"end":{"line":2632,"column":58}},"1139":{"start":{"line":2633,"column":4},"end":{"line":2633,"column":35}},"1140":{"start":{"line":2634,"column":4},"end":{"line":2634,"column":13}},"1141":{"start":{"line":2636,"column":2},"end":{"line":2639,"column":26}},"1142":{"start":{"line":2640,"column":2},"end":{"line":2643,"column":19}},"1143":{"start":{"line":2646,"column":2},"end":{"line":2671,"column":5}},"1144":{"start":{"line":2648,"column":4},"end":{"line":2648,"column":52}},"1145":{"start":{"line":2649,"column":4},"end":{"line":2649,"column":45}},"1146":{"start":{"line":2650,"column":4},"end":{"line":2650,"column":46}},"1147":{"start":{"line":2651,"column":4},"end":{"line":2651,"column":57}},"1148":{"start":{"line":2652,"column":4},"end":{"line":2652,"column":53}},"1149":{"start":{"line":2653,"column":4},"end":{"line":2653,"column":58}},"1150":{"start":{"line":2654,"column":4},"end":{"line":2654,"column":35}},"1151":{"start":{"line":2656,"column":4},"end":{"line":2656,"column":43}},"1152":{"start":{"line":2657,"column":4},"end":{"line":2657,"column":42}},"1153":{"start":{"line":2658,"column":4},"end":{"line":2658,"column":22}},"1154":{"start":{"line":2661,"column":4},"end":{"line":2661,"column":48}},"1155":{"start":{"line":2662,"column":4},"end":{"line":2662,"column":45}},"1156":{"start":{"line":2663,"column":4},"end":{"line":2663,"column":48}},"1157":{"start":{"line":2664,"column":4},"end":{"line":2664,"column":53}},"1158":{"start":{"line":2665,"column":4},"end":{"line":2665,"column":58}},"1159":{"start":{"line":2666,"column":4},"end":{"line":2666,"column":35}},"1160":{"start":{"line":2667,"column":4},"end":{"line":2667,"column":39}},"1161":{"start":{"line":2668,"column":4},"end":{"line":2668,"column":35}},"1162":{"start":{"line":2669,"column":4},"end":{"line":2669,"column":22}},"1163":{"start":{"line":2672,"column":2},"end":{"line":2675,"column":26}},"1164":{"start":{"line":2676,"column":2},"end":{"line":2679,"column":19}},"1165":{"start":{"line":2683,"column":2},"end":{"line":2697,"column":5}},"1166":{"start":{"line":2684,"column":4},"end":{"line":2684,"column":52}},"1167":{"start":{"line":2685,"column":4},"end":{"line":2685,"column":45}},"1168":{"start":{"line":2686,"column":4},"end":{"line":2686,"column":46}},"1169":{"start":{"line":2687,"column":4},"end":{"line":2687,"column":53}},"1170":{"start":{"line":2688,"column":4},"end":{"line":2688,"column":53}},"1171":{"start":{"line":2689,"column":4},"end":{"line":2689,"column":69}},"1172":{"start":{"line":2690,"column":4},"end":{"line":2690,"column":35}},"1173":{"start":{"line":2691,"column":4},"end":{"line":2691,"column":63}},"1174":{"start":{"line":2692,"column":4},"end":{"line":2692,"column":58}},"1175":{"start":{"line":2694,"column":4},"end":{"line":2694,"column":43}},"1176":{"start":{"line":2695,"column":4},"end":{"line":2695,"column":62}},"1177":{"start":{"line":2696,"column":4},"end":{"line":2696,"column":22}},"1178":{"start":{"line":2700,"column":2},"end":{"line":2711,"column":5}},"1179":{"start":{"line":2701,"column":4},"end":{"line":2701,"column":52}},"1180":{"start":{"line":2702,"column":4},"end":{"line":2702,"column":45}},"1181":{"start":{"line":2703,"column":4},"end":{"line":2703,"column":53}},"1182":{"start":{"line":2704,"column":4},"end":{"line":2704,"column":53}},"1183":{"start":{"line":2705,"column":4},"end":{"line":2705,"column":58}},"1184":{"start":{"line":2706,"column":4},"end":{"line":2706,"column":35}},"1185":{"start":{"line":2708,"column":4},"end":{"line":2708,"column":43}},"1186":{"start":{"line":2709,"column":4},"end":{"line":2709,"column":48}},"1187":{"start":{"line":2710,"column":4},"end":{"line":2710,"column":22}},"1188":{"start":{"line":2714,"column":2},"end":{"line":2714,"column":60}},"1189":{"start":{"line":2715,"column":2},"end":{"line":2715,"column":46}},"1190":{"start":{"line":2716,"column":2},"end":{"line":2716,"column":73}},"1191":{"start":{"line":2717,"column":2},"end":{"line":2725,"column":5}},"1192":{"start":{"line":2718,"column":4},"end":{"line":2718,"column":43}},"1193":{"start":{"line":2719,"column":4},"end":{"line":2719,"column":48}},"1194":{"start":{"line":2720,"column":4},"end":{"line":2720,"column":22}},"1195":{"start":{"line":2722,"column":4},"end":{"line":2722,"column":39}},"1196":{"start":{"line":2723,"column":4},"end":{"line":2723,"column":21}},"1197":{"start":{"line":2724,"column":4},"end":{"line":2724,"column":22}},"1198":{"start":{"line":2729,"column":2},"end":{"line":2739,"column":4}},"1199":{"start":{"line":2730,"column":4},"end":{"line":2730,"column":52}},"1200":{"start":{"line":2731,"column":4},"end":{"line":2731,"column":45}},"1201":{"start":{"line":2732,"column":4},"end":{"line":2732,"column":53}},"1202":{"start":{"line":2733,"column":4},"end":{"line":2733,"column":53}},"1203":{"start":{"line":2734,"column":4},"end":{"line":2734,"column":58}},"1204":{"start":{"line":2735,"column":4},"end":{"line":2736,"column":55}},"1205":{"start":{"line":2737,"column":4},"end":{"line":2737,"column":35}},"1206":{"start":{"line":2738,"column":4},"end":{"line":2738,"column":13}},"1207":{"start":{"line":2740,"column":2},"end":{"line":2743,"column":26}},"1208":{"start":{"line":2744,"column":2},"end":{"line":2747,"column":19}},"1209":{"start":{"line":2750,"column":2},"end":{"line":2750,"column":41}},"1210":{"start":{"line":2751,"column":2},"end":{"line":2751,"column":59}},"1211":{"start":{"line":2752,"column":2},"end":{"line":2752,"column":20}},"1212":{"start":{"line":2756,"column":0},"end":{"line":2785,"column":3}},"1213":{"start":{"line":2757,"column":2},"end":{"line":2757,"column":24}},"1214":{"start":{"line":2758,"column":2},"end":{"line":2758,"column":56}},"1215":{"start":{"line":2760,"column":2},"end":{"line":2760,"column":32}},"1216":{"start":{"line":2761,"column":2},"end":{"line":2761,"column":16}},"1217":{"start":{"line":2765,"column":2},"end":{"line":2765,"column":61}},"1218":{"start":{"line":2767,"column":2},"end":{"line":2767,"column":22}},"1219":{"start":{"line":2768,"column":2},"end":{"line":2768,"column":19}},"1220":{"start":{"line":2769,"column":2},"end":{"line":2769,"column":60}},"1221":{"start":{"line":2773,"column":2},"end":{"line":2773,"column":42}},"1222":{"start":{"line":2774,"column":2},"end":{"line":2774,"column":20}},"1223":{"start":{"line":2776,"column":2},"end":{"line":2776,"column":12}},"1224":{"start":{"line":2778,"column":2},"end":{"line":2778,"column":41}},"1225":{"start":{"line":2781,"column":2},"end":{"line":2781,"column":41}},"1226":{"start":{"line":2782,"column":2},"end":{"line":2782,"column":19}},"1227":{"start":{"line":2783,"column":2},"end":{"line":2783,"column":25}},"1228":{"start":{"line":2784,"column":2},"end":{"line":2784,"column":20}}},"branchMap":{"1":{"line":20,"type":"cond-expr","locations":[{"start":{"line":20,"column":25},"end":{"line":20,"column":36}},{"start":{"line":20,"column":39},"end":{"line":20,"column":41}}]},"2":{"line":48,"type":"if","locations":[{"start":{"line":48,"column":4},"end":{"line":48,"column":4}},{"start":{"line":48,"column":4},"end":{"line":48,"column":4}}]},"3":{"line":51,"type":"if","locations":[{"start":{"line":51,"column":4},"end":{"line":51,"column":4}},{"start":{"line":51,"column":4},"end":{"line":51,"column":4}}]},"4":{"line":83,"type":"if","locations":[{"start":{"line":83,"column":4},"end":{"line":83,"column":4}},{"start":{"line":83,"column":4},"end":{"line":83,"column":4}}]},"5":{"line":93,"type":"if","locations":[{"start":{"line":93,"column":4},"end":{"line":93,"column":4}},{"start":{"line":93,"column":4},"end":{"line":93,"column":4}}]},"6":{"line":144,"type":"if","locations":[{"start":{"line":144,"column":4},"end":{"line":144,"column":4}},{"start":{"line":144,"column":4},"end":{"line":144,"column":4}}]},"7":{"line":150,"type":"if","locations":[{"start":{"line":150,"column":4},"end":{"line":150,"column":4}},{"start":{"line":150,"column":4},"end":{"line":150,"column":4}}]},"8":{"line":159,"type":"if","locations":[{"start":{"line":159,"column":4},"end":{"line":159,"column":4}},{"start":{"line":159,"column":4},"end":{"line":159,"column":4}}]},"9":{"line":165,"type":"if","locations":[{"start":{"line":165,"column":4},"end":{"line":165,"column":4}},{"start":{"line":165,"column":4},"end":{"line":165,"column":4}}]},"10":{"line":689,"type":"if","locations":[{"start":{"line":689,"column":2},"end":{"line":689,"column":2}},{"start":{"line":689,"column":2},"end":{"line":689,"column":2}}]},"11":{"line":700,"type":"if","locations":[{"start":{"line":700,"column":2},"end":{"line":700,"column":2}},{"start":{"line":700,"column":2},"end":{"line":700,"column":2}}]},"12":{"line":799,"type":"if","locations":[{"start":{"line":799,"column":2},"end":{"line":799,"column":2}},{"start":{"line":799,"column":2},"end":{"line":799,"column":2}}]},"13":{"line":903,"type":"if","locations":[{"start":{"line":903,"column":2},"end":{"line":903,"column":2}},{"start":{"line":903,"column":2},"end":{"line":903,"column":2}}]},"14":{"line":908,"type":"cond-expr","locations":[{"start":{"line":909,"column":4},"end":{"line":909,"column":50}},{"start":{"line":909,"column":53},"end":{"line":909,"column":68}}]},"15":{"line":911,"type":"if","locations":[{"start":{"line":911,"column":2},"end":{"line":911,"column":2}},{"start":{"line":911,"column":2},"end":{"line":911,"column":2}}]},"16":{"line":914,"type":"if","locations":[{"start":{"line":914,"column":2},"end":{"line":914,"column":2}},{"start":{"line":914,"column":2},"end":{"line":914,"column":2}}]},"17":{"line":917,"type":"if","locations":[{"start":{"line":917,"column":2},"end":{"line":917,"column":2}},{"start":{"line":917,"column":2},"end":{"line":917,"column":2}}]},"18":{"line":920,"type":"if","locations":[{"start":{"line":920,"column":2},"end":{"line":920,"column":2}},{"start":{"line":920,"column":2},"end":{"line":920,"column":2}}]},"19":{"line":923,"type":"if","locations":[{"start":{"line":923,"column":2},"end":{"line":923,"column":2}},{"start":{"line":923,"column":2},"end":{"line":923,"column":2}}]},"20":{"line":927,"type":"if","locations":[{"start":{"line":927,"column":2},"end":{"line":927,"column":2}},{"start":{"line":927,"column":2},"end":{"line":927,"column":2}}]},"21":{"line":929,"type":"if","locations":[{"start":{"line":929,"column":9},"end":{"line":929,"column":9}},{"start":{"line":929,"column":9},"end":{"line":929,"column":9}}]},"22":{"line":932,"type":"if","locations":[{"start":{"line":932,"column":2},"end":{"line":932,"column":2}},{"start":{"line":932,"column":2},"end":{"line":932,"column":2}}]},"23":{"line":933,"type":"if","locations":[{"start":{"line":933,"column":4},"end":{"line":933,"column":4}},{"start":{"line":933,"column":4},"end":{"line":933,"column":4}}]},"24":{"line":940,"type":"if","locations":[{"start":{"line":940,"column":6},"end":{"line":940,"column":6}},{"start":{"line":940,"column":6},"end":{"line":940,"column":6}}]},"25":{"line":944,"type":"if","locations":[{"start":{"line":944,"column":8},"end":{"line":944,"column":8}},{"start":{"line":944,"column":8},"end":{"line":944,"column":8}}]},"26":{"line":953,"type":"if","locations":[{"start":{"line":953,"column":2},"end":{"line":953,"column":2}},{"start":{"line":953,"column":2},"end":{"line":953,"column":2}}]},"27":{"line":980,"type":"if","locations":[{"start":{"line":980,"column":2},"end":{"line":980,"column":2}},{"start":{"line":980,"column":2},"end":{"line":980,"column":2}}]},"28":{"line":983,"type":"if","locations":[{"start":{"line":983,"column":2},"end":{"line":983,"column":2}},{"start":{"line":983,"column":2},"end":{"line":983,"column":2}}]},"29":{"line":986,"type":"if","locations":[{"start":{"line":986,"column":2},"end":{"line":986,"column":2}},{"start":{"line":986,"column":2},"end":{"line":986,"column":2}}]},"30":{"line":989,"type":"if","locations":[{"start":{"line":989,"column":2},"end":{"line":989,"column":2}},{"start":{"line":989,"column":2},"end":{"line":989,"column":2}}]},"31":{"line":992,"type":"if","locations":[{"start":{"line":992,"column":2},"end":{"line":992,"column":2}},{"start":{"line":992,"column":2},"end":{"line":992,"column":2}}]},"32":{"line":995,"type":"if","locations":[{"start":{"line":995,"column":9},"end":{"line":995,"column":9}},{"start":{"line":995,"column":9},"end":{"line":995,"column":9}}]},"33":{"line":999,"type":"if","locations":[{"start":{"line":999,"column":2},"end":{"line":999,"column":2}},{"start":{"line":999,"column":2},"end":{"line":999,"column":2}}]},"34":{"line":1005,"type":"if","locations":[{"start":{"line":1005,"column":6},"end":{"line":1005,"column":6}},{"start":{"line":1005,"column":6},"end":{"line":1005,"column":6}}]},"35":{"line":1008,"type":"if","locations":[{"start":{"line":1008,"column":6},"end":{"line":1008,"column":6}},{"start":{"line":1008,"column":6},"end":{"line":1008,"column":6}}]},"36":{"line":1014,"type":"if","locations":[{"start":{"line":1014,"column":2},"end":{"line":1014,"column":2}},{"start":{"line":1014,"column":2},"end":{"line":1014,"column":2}}]},"37":{"line":1020,"type":"if","locations":[{"start":{"line":1020,"column":2},"end":{"line":1020,"column":2}},{"start":{"line":1020,"column":2},"end":{"line":1020,"column":2}}]},"38":{"line":1180,"type":"cond-expr","locations":[{"start":{"line":1180,"column":21},"end":{"line":1180,"column":50}},{"start":{"line":1180,"column":53},"end":{"line":1180,"column":59}}]},"39":{"line":1489,"type":"cond-expr","locations":[{"start":{"line":1489,"column":21},"end":{"line":1489,"column":50}},{"start":{"line":1489,"column":53},"end":{"line":1489,"column":59}}]},"40":{"line":1664,"type":"binary-expr","locations":[{"start":{"line":1664,"column":12},"end":{"line":1664,"column":19}},{"start":{"line":1664,"column":23},"end":{"line":1664,"column":25}}]},"41":{"line":1668,"type":"if","locations":[{"start":{"line":1668,"column":2},"end":{"line":1668,"column":2}},{"start":{"line":1668,"column":2},"end":{"line":1668,"column":2}}]},"42":{"line":1693,"type":"if","locations":[{"start":{"line":1693,"column":2},"end":{"line":1693,"column":2}},{"start":{"line":1693,"column":2},"end":{"line":1693,"column":2}}]},"43":{"line":1696,"type":"if","locations":[{"start":{"line":1696,"column":2},"end":{"line":1696,"column":2}},{"start":{"line":1696,"column":2},"end":{"line":1696,"column":2}}]},"44":{"line":1704,"type":"if","locations":[{"start":{"line":1704,"column":2},"end":{"line":1704,"column":2}},{"start":{"line":1704,"column":2},"end":{"line":1704,"column":2}}]},"45":{"line":1733,"type":"if","locations":[{"start":{"line":1733,"column":2},"end":{"line":1733,"column":2}},{"start":{"line":1733,"column":2},"end":{"line":1733,"column":2}}]},"46":{"line":1737,"type":"if","locations":[{"start":{"line":1737,"column":2},"end":{"line":1737,"column":2}},{"start":{"line":1737,"column":2},"end":{"line":1737,"column":2}}]},"47":{"line":1742,"type":"if","locations":[{"start":{"line":1742,"column":6},"end":{"line":1742,"column":6}},{"start":{"line":1742,"column":6},"end":{"line":1742,"column":6}}]},"48":{"line":1749,"type":"if","locations":[{"start":{"line":1749,"column":2},"end":{"line":1749,"column":2}},{"start":{"line":1749,"column":2},"end":{"line":1749,"column":2}}]},"49":{"line":1754,"type":"if","locations":[{"start":{"line":1754,"column":6},"end":{"line":1754,"column":6}},{"start":{"line":1754,"column":6},"end":{"line":1754,"column":6}}]},"50":{"line":1784,"type":"if","locations":[{"start":{"line":1784,"column":2},"end":{"line":1784,"column":2}},{"start":{"line":1784,"column":2},"end":{"line":1784,"column":2}}]},"51":{"line":2316,"type":"if","locations":[{"start":{"line":2316,"column":4},"end":{"line":2316,"column":4}},{"start":{"line":2316,"column":4},"end":{"line":2316,"column":4}}]}}}}